{"D:\\Dev\\Projects\\http-lab\\src\\app.js": {"path":"D:\\Dev\\Projects\\http-lab\\src\\app.js","statementMap":{"0":{"start":{"line":2,"column":0},"end":{"line":2,"column":42}},"1":{"start":{"line":5,"column":16},"end":{"line":5,"column":34}},"2":{"start":{"line":8,"column":22},"end":{"line":8,"column":59}},"3":{"start":{"line":9,"column":21},"end":{"line":9,"column":57}},"4":{"start":{"line":10,"column":27},"end":{"line":10,"column":69}},"5":{"start":{"line":13,"column":20},"end":{"line":13,"column":45}},"6":{"start":{"line":14,"column":19},"end":{"line":14,"column":43}},"7":{"start":{"line":18,"column":28},"end":{"line":18,"column":50}},"8":{"start":{"line":19,"column":20},"end":{"line":19,"column":46}},"9":{"start":{"line":22,"column":40},"end":{"line":22,"column":68}},"10":{"start":{"line":34,"column":12},"end":{"line":34,"column":21}},"11":{"start":{"line":38,"column":0},"end":{"line":38,"column":24}},"12":{"start":{"line":44,"column":0},"end":{"line":44,"column":23}},"13":{"start":{"line":48,"column":0},"end":{"line":48,"column":27}},"14":{"start":{"line":51,"column":0},"end":{"line":51,"column":35}},"15":{"start":{"line":52,"column":0},"end":{"line":52,"column":33}},"16":{"start":{"line":59,"column":0},"end":{"line":78,"column":3}},"17":{"start":{"line":60,"column":17},"end":{"line":60,"column":28}},"18":{"start":{"line":61,"column":19},"end":{"line":61,"column":22}},"19":{"start":{"line":63,"column":2},"end":{"line":69,"column":3}},"20":{"start":{"line":64,"column":19},"end":{"line":64,"column":36}},"21":{"start":{"line":65,"column":4},"end":{"line":65,"column":37}},"22":{"start":{"line":67,"column":4},"end":{"line":67,"column":30}},"23":{"start":{"line":68,"column":4},"end":{"line":68,"column":21}},"24":{"start":{"line":71,"column":2},"end":{"line":77,"column":5}},"25":{"start":{"line":83,"column":0},"end":{"line":86,"column":3}},"26":{"start":{"line":84,"column":2},"end":{"line":84,"column":48}},"27":{"start":{"line":85,"column":2},"end":{"line":85,"column":36}},"28":{"start":{"line":90,"column":0},"end":{"line":96,"column":3}},"29":{"start":{"line":91,"column":2},"end":{"line":95,"column":5}},"30":{"start":{"line":100,"column":0},"end":{"line":100,"column":22}},"31":{"start":{"line":102,"column":0},"end":{"line":102,"column":21}}},"fnMap":{"0":{"name":"(anonymous_0)","decl":{"start":{"line":59,"column":19},"end":{"line":59,"column":20}},"loc":{"start":{"line":59,"column":39},"end":{"line":78,"column":1}},"line":59},"1":{"name":"(anonymous_1)","decl":{"start":{"line":83,"column":40},"end":{"line":83,"column":41}},"loc":{"start":{"line":83,"column":60},"end":{"line":86,"column":1}},"line":83},"2":{"name":"(anonymous_2)","decl":{"start":{"line":90,"column":8},"end":{"line":90,"column":9}},"loc":{"start":{"line":90,"column":22},"end":{"line":96,"column":1}},"line":90}},"branchMap":{"0":{"loc":{"start":{"line":72,"column":12},"end":{"line":72,"column":47}},"type":"cond-expr","locations":[{"start":{"line":72,"column":33},"end":{"line":72,"column":37}},{"start":{"line":72,"column":40},"end":{"line":72,"column":47}}],"line":72}},"s":{"0":5,"1":5,"2":5,"3":5,"4":5,"5":5,"6":5,"7":5,"8":5,"9":5,"10":5,"11":5,"12":5,"13":5,"14":5,"15":5,"16":5,"17":5,"18":5,"19":5,"20":5,"21":5,"22":1,"23":1,"24":5,"25":5,"26":4,"27":4,"28":5,"29":0,"30":5,"31":5},"f":{"0":5,"1":4,"2":0},"b":{"0":[4,1]},"_coverageSchema":"1a1c01bbd47fc00a2c39e90264f33305004495a9","hash":"f9bd95729c5da81c5a532e9b9e37a8db6f0ef454"}
,"D:\\Dev\\Projects\\http-lab\\src\\db\\prisma.js": {"path":"D:\\Dev\\Projects\\http-lab\\src\\db\\prisma.js","statementMap":{"0":{"start":{"line":17,"column":17},"end":{"line":17,"column":30}},"1":{"start":{"line":18,"column":21},"end":{"line":18,"column":50}},"2":{"start":{"line":19,"column":25},"end":{"line":19,"column":50}},"3":{"start":{"line":21,"column":21},"end":{"line":21,"column":25}},"4":{"start":{"line":28,"column":19},"end":{"line":28,"column":23}},"5":{"start":{"line":31,"column":27},"end":{"line":31,"column":51}},"6":{"start":{"line":32,"column":2},"end":{"line":32,"column":48}},"7":{"start":{"line":33,"column":18},"end":{"line":33,"column":44}},"8":{"start":{"line":34,"column":2},"end":{"line":34,"column":39}},"9":{"start":{"line":38,"column":2},"end":{"line":40,"column":3}},"10":{"start":{"line":39,"column":4},"end":{"line":39,"column":42}},"11":{"start":{"line":41,"column":2},"end":{"line":41,"column":24}},"12":{"start":{"line":48,"column":2},"end":{"line":48,"column":22}},"13":{"start":{"line":51,"column":0},"end":{"line":51,"column":46}}},"fnMap":{"0":{"name":"createPrismaClient","decl":{"start":{"line":30,"column":9},"end":{"line":30,"column":27}},"loc":{"start":{"line":30,"column":30},"end":{"line":35,"column":1}},"line":30},"1":{"name":"getPrismaClient","decl":{"start":{"line":37,"column":9},"end":{"line":37,"column":24}},"loc":{"start":{"line":37,"column":27},"end":{"line":42,"column":1}},"line":37},"2":{"name":"getPool","decl":{"start":{"line":47,"column":9},"end":{"line":47,"column":16}},"loc":{"start":{"line":47,"column":19},"end":{"line":49,"column":1}},"line":47}},"branchMap":{"0":{"loc":{"start":{"line":38,"column":2},"end":{"line":40,"column":3}},"type":"if","locations":[{"start":{"line":38,"column":2},"end":{"line":40,"column":3}},{"start":{},"end":{}}],"line":38}},"s":{"0":4,"1":4,"2":4,"3":4,"4":4,"5":4,"6":4,"7":4,"8":4,"9":38,"10":4,"11":38,"12":4,"13":4},"f":{"0":4,"1":38,"2":4},"b":{"0":[4,34]},"_coverageSchema":"1a1c01bbd47fc00a2c39e90264f33305004495a9","hash":"917fa4b4d5753933ba600dede54e5816a15c4d3c"}
,"D:\\Dev\\Projects\\http-lab\\src\\metrics\\metrics.js": {"path":"D:\\Dev\\Projects\\http-lab\\src\\metrics\\metrics.js","statementMap":{"0":{"start":{"line":8,"column":15},"end":{"line":8,"column":37}},"1":{"start":{"line":13,"column":17},"end":{"line":13,"column":38}},"2":{"start":{"line":20,"column":0},"end":{"line":22,"column":1}},"3":{"start":{"line":21,"column":2},"end":{"line":21,"column":45}},"4":{"start":{"line":28,"column":26},"end":{"line":33,"column":2}},"5":{"start":{"line":41,"column":28},"end":{"line":47,"column":2}},"6":{"start":{"line":57,"column":0},"end":{"line":69,"column":3}},"7":{"start":{"line":66,"column":17},"end":{"line":66,"column":52}},"8":{"start":{"line":67,"column":4},"end":{"line":67,"column":41}},"9":{"start":{"line":76,"column":2},"end":{"line":78,"column":3}},"10":{"start":{"line":77,"column":4},"end":{"line":77,"column":18}},"11":{"start":{"line":82,"column":19},"end":{"line":82,"column":51}},"12":{"start":{"line":84,"column":2},"end":{"line":104,"column":5}},"13":{"start":{"line":94,"column":18},"end":{"line":94,"column":72}},"14":{"start":{"line":96,"column":19},"end":{"line":100,"column":5}},"15":{"start":{"line":102,"column":4},"end":{"line":102,"column":34}},"16":{"start":{"line":103,"column":4},"end":{"line":103,"column":21}},"17":{"start":{"line":106,"column":2},"end":{"line":106,"column":9}},"18":{"start":{"line":109,"column":0},"end":{"line":109,"column":49}}},"fnMap":{"0":{"name":"(anonymous_0)","decl":{"start":{"line":61,"column":2},"end":{"line":61,"column":3}},"loc":{"start":{"line":61,"column":12},"end":{"line":68,"column":3}},"line":61},"1":{"name":"metricsMiddleware","decl":{"start":{"line":73,"column":9},"end":{"line":73,"column":26}},"loc":{"start":{"line":73,"column":43},"end":{"line":107,"column":1}},"line":73},"2":{"name":"(anonymous_2)","decl":{"start":{"line":84,"column":19},"end":{"line":84,"column":20}},"loc":{"start":{"line":84,"column":25},"end":{"line":104,"column":3}},"line":84}},"branchMap":{"0":{"loc":{"start":{"line":20,"column":0},"end":{"line":22,"column":1}},"type":"if","locations":[{"start":{"line":20,"column":0},"end":{"line":22,"column":1}},{"start":{},"end":{}}],"line":20},"1":{"loc":{"start":{"line":67,"column":13},"end":{"line":67,"column":39}},"type":"cond-expr","locations":[{"start":{"line":67,"column":20},"end":{"line":67,"column":35}},{"start":{"line":67,"column":38},"end":{"line":67,"column":39}}],"line":67},"2":{"loc":{"start":{"line":76,"column":2},"end":{"line":78,"column":3}},"type":"if","locations":[{"start":{"line":76,"column":2},"end":{"line":78,"column":3}},{"start":{},"end":{}}],"line":76},"3":{"loc":{"start":{"line":94,"column":18},"end":{"line":94,"column":72}},"type":"cond-expr","locations":[{"start":{"line":94,"column":30},"end":{"line":94,"column":58}},{"start":{"line":94,"column":61},"end":{"line":94,"column":72}}],"line":94}},"s":{"0":5,"1":5,"2":5,"3":0,"4":5,"5":5,"6":5,"7":4,"8":4,"9":54,"10":5,"11":49,"12":49,"13":49,"14":49,"15":49,"16":49,"17":49,"18":5},"f":{"0":4,"1":54,"2":49},"b":{"0":[0,5],"1":[4,0],"2":[5,49],"3":[49,0]},"_coverageSchema":"1a1c01bbd47fc00a2c39e90264f33305004495a9","hash":"569b3b1abb1569d5d1b914a59e2727ec913359ac"}
,"D:\\Dev\\Projects\\http-lab\\src\\middleware\\authMiddleware.js": {"path":"D:\\Dev\\Projects\\http-lab\\src\\middleware\\authMiddleware.js","statementMap":{"0":{"start":{"line":1,"column":30},"end":{"line":1,"column":62}},"1":{"start":{"line":4,"column":26},"end":{"line":23,"column":1}},"2":{"start":{"line":6,"column":21},"end":{"line":6,"column":49}},"3":{"start":{"line":7,"column":16},"end":{"line":7,"column":54}},"4":{"start":{"line":9,"column":2},"end":{"line":11,"column":3}},"5":{"start":{"line":10,"column":4},"end":{"line":10,"column":83}},"6":{"start":{"line":13,"column":2},"end":{"line":22,"column":3}},"7":{"start":{"line":17,"column":17},"end":{"line":17,"column":41}},"8":{"start":{"line":18,"column":4},"end":{"line":18,"column":20}},"9":{"start":{"line":19,"column":4},"end":{"line":19,"column":11}},"10":{"start":{"line":21,"column":4},"end":{"line":21,"column":81}},"11":{"start":{"line":26,"column":20},"end":{"line":38,"column":1}},"12":{"start":{"line":27,"column":2},"end":{"line":37,"column":4}},"13":{"start":{"line":29,"column":23},"end":{"line":29,"column":82}},"14":{"start":{"line":32,"column":4},"end":{"line":36,"column":5}},"15":{"start":{"line":33,"column":6},"end":{"line":33,"column":13}},"16":{"start":{"line":35,"column":6},"end":{"line":35,"column":92}},"17":{"start":{"line":40,"column":0},"end":{"line":40,"column":52}}},"fnMap":{"0":{"name":"(anonymous_0)","decl":{"start":{"line":4,"column":26},"end":{"line":4,"column":27}},"loc":{"start":{"line":4,"column":46},"end":{"line":23,"column":1}},"line":4},"1":{"name":"(anonymous_1)","decl":{"start":{"line":26,"column":20},"end":{"line":26,"column":21}},"loc":{"start":{"line":26,"column":38},"end":{"line":38,"column":1}},"line":26},"2":{"name":"(anonymous_2)","decl":{"start":{"line":27,"column":9},"end":{"line":27,"column":10}},"loc":{"start":{"line":27,"column":29},"end":{"line":37,"column":3}},"line":27}},"branchMap":{"0":{"loc":{"start":{"line":7,"column":16},"end":{"line":7,"column":54}},"type":"binary-expr","locations":[{"start":{"line":7,"column":16},"end":{"line":7,"column":26}},{"start":{"line":7,"column":30},"end":{"line":7,"column":54}}],"line":7},"1":{"loc":{"start":{"line":9,"column":2},"end":{"line":11,"column":3}},"type":"if","locations":[{"start":{"line":9,"column":2},"end":{"line":11,"column":3}},{"start":{},"end":{}}],"line":9},"2":{"loc":{"start":{"line":29,"column":23},"end":{"line":29,"column":82}},"type":"cond-expr","locations":[{"start":{"line":29,"column":53},"end":{"line":29,"column":65}},{"start":{"line":29,"column":68},"end":{"line":29,"column":82}}],"line":29},"3":{"loc":{"start":{"line":32,"column":4},"end":{"line":36,"column":5}},"type":"if","locations":[{"start":{"line":32,"column":4},"end":{"line":36,"column":5}},{"start":{"line":34,"column":11},"end":{"line":36,"column":5}}],"line":32},"4":{"loc":{"start":{"line":32,"column":8},"end":{"line":32,"column":71}},"type":"binary-expr","locations":[{"start":{"line":32,"column":8},"end":{"line":32,"column":33}},{"start":{"line":32,"column":37},"end":{"line":32,"column":71}}],"line":32}},"s":{"0":6,"1":6,"2":25,"3":25,"4":25,"5":2,"6":23,"7":23,"8":21,"9":21,"10":2,"11":6,"12":24,"13":21,"14":21,"15":19,"16":2,"17":6},"f":{"0":25,"1":24,"2":21},"b":{"0":[25,23],"1":[2,23],"2":[6,15],"3":[19,2],"4":[21,19]},"_coverageSchema":"1a1c01bbd47fc00a2c39e90264f33305004495a9","hash":"5b41fa081d48cda46c7c12ecfe7d1188459e5999"}
,"D:\\Dev\\Projects\\http-lab\\src\\middleware\\errorHandler.js": {"path":"D:\\Dev\\Projects\\http-lab\\src\\middleware\\errorHandler.js","statementMap":{"0":{"start":{"line":1,"column":15},"end":{"line":1,"column":41}},"1":{"start":{"line":7,"column":21},"end":{"line":41,"column":1}},"2":{"start":{"line":13,"column":14},"end":{"line":13,"column":31}},"3":{"start":{"line":15,"column":21},"end":{"line":15,"column":42}},"4":{"start":{"line":21,"column":2},"end":{"line":29,"column":4}},"5":{"start":{"line":35,"column":18},"end":{"line":35,"column":56}},"6":{"start":{"line":36,"column":2},"end":{"line":40,"column":5}},"7":{"start":{"line":43,"column":0},"end":{"line":43,"column":30}}},"fnMap":{"0":{"name":"(anonymous_0)","decl":{"start":{"line":7,"column":21},"end":{"line":7,"column":22}},"loc":{"start":{"line":7,"column":46},"end":{"line":41,"column":1}},"line":7}},"branchMap":{"0":{"loc":{"start":{"line":13,"column":14},"end":{"line":13,"column":31}},"type":"binary-expr","locations":[{"start":{"line":13,"column":14},"end":{"line":13,"column":21}},{"start":{"line":13,"column":25},"end":{"line":13,"column":31}}],"line":13},"1":{"loc":{"start":{"line":15,"column":21},"end":{"line":15,"column":42}},"type":"binary-expr","locations":[{"start":{"line":15,"column":21},"end":{"line":15,"column":35}},{"start":{"line":15,"column":39},"end":{"line":15,"column":42}}],"line":15},"2":{"loc":{"start":{"line":35,"column":18},"end":{"line":35,"column":56}},"type":"binary-expr","locations":[{"start":{"line":35,"column":18},"end":{"line":35,"column":29}},{"start":{"line":35,"column":33},"end":{"line":35,"column":56}}],"line":35}},"s":{"0":5,"1":5,"2":1,"3":1,"4":1,"5":1,"6":1,"7":5},"f":{"0":1},"b":{"0":[1,0],"1":[1,1],"2":[1,0]},"_coverageSchema":"1a1c01bbd47fc00a2c39e90264f33305004495a9","hash":"6d09b386946579f626d241aed1cb2628b2ba97de"}
,"D:\\Dev\\Projects\\http-lab\\src\\middleware\\metricsAccessGuard.js": {"path":"D:\\Dev\\Projects\\http-lab\\src\\middleware\\metricsAccessGuard.js","statementMap":{"0":{"start":{"line":11,"column":15},"end":{"line":11,"column":41}},"1":{"start":{"line":15,"column":2},"end":{"line":15,"column":44}},"2":{"start":{"line":21,"column":15},"end":{"line":21,"column":30}},"3":{"start":{"line":22,"column":2},"end":{"line":22,"column":58}},"4":{"start":{"line":22,"column":46},"end":{"line":22,"column":58}},"5":{"start":{"line":23,"column":2},"end":{"line":23,"column":73}},"6":{"start":{"line":23,"column":61},"end":{"line":23,"column":73}},"7":{"start":{"line":25,"column":12},"end":{"line":25,"column":39}},"8":{"start":{"line":26,"column":2},"end":{"line":26,"column":65}},"9":{"start":{"line":26,"column":53},"end":{"line":26,"column":65}},"10":{"start":{"line":27,"column":2},"end":{"line":27,"column":15}},"11":{"start":{"line":30,"column":27},"end":{"line":67,"column":1}},"12":{"start":{"line":31,"column":16},"end":{"line":31,"column":41}},"13":{"start":{"line":36,"column":2},"end":{"line":44,"column":3}},"14":{"start":{"line":37,"column":19},"end":{"line":37,"column":50}},"15":{"start":{"line":38,"column":21},"end":{"line":38,"column":73}},"16":{"start":{"line":39,"column":4},"end":{"line":42,"column":5}},"17":{"start":{"line":40,"column":6},"end":{"line":40,"column":78}},"18":{"start":{"line":41,"column":6},"end":{"line":41,"column":58}},"19":{"start":{"line":43,"column":4},"end":{"line":43,"column":18}},"20":{"start":{"line":53,"column":20},"end":{"line":56,"column":20}},"21":{"start":{"line":55,"column":16},"end":{"line":55,"column":24}},"22":{"start":{"line":58,"column":19},"end":{"line":58,"column":67}},"23":{"start":{"line":59,"column":18},"end":{"line":59,"column":79}},"24":{"start":{"line":61,"column":2},"end":{"line":64,"column":3}},"25":{"start":{"line":62,"column":4},"end":{"line":62,"column":91}},"26":{"start":{"line":63,"column":4},"end":{"line":63,"column":56}},"27":{"start":{"line":66,"column":2},"end":{"line":66,"column":9}},"28":{"start":{"line":69,"column":0},"end":{"line":69,"column":36}}},"fnMap":{"0":{"name":"normalizeIp","decl":{"start":{"line":14,"column":9},"end":{"line":14,"column":20}},"loc":{"start":{"line":14,"column":25},"end":{"line":16,"column":1}},"line":14},"1":{"name":"isPrivateOrLoopback","decl":{"start":{"line":20,"column":9},"end":{"line":20,"column":28}},"loc":{"start":{"line":20,"column":33},"end":{"line":28,"column":1}},"line":20},"2":{"name":"(anonymous_2)","decl":{"start":{"line":30,"column":27},"end":{"line":30,"column":28}},"loc":{"start":{"line":30,"column":47},"end":{"line":67,"column":1}},"line":30},"3":{"name":"(anonymous_3)","decl":{"start":{"line":55,"column":9},"end":{"line":55,"column":10}},"loc":{"start":{"line":55,"column":16},"end":{"line":55,"column":24}},"line":55}},"branchMap":{"0":{"loc":{"start":{"line":15,"column":10},"end":{"line":15,"column":18}},"type":"binary-expr","locations":[{"start":{"line":15,"column":10},"end":{"line":15,"column":12}},{"start":{"line":15,"column":16},"end":{"line":15,"column":18}}],"line":15},"1":{"loc":{"start":{"line":22,"column":2},"end":{"line":22,"column":58}},"type":"if","locations":[{"start":{"line":22,"column":2},"end":{"line":22,"column":58}},{"start":{},"end":{}}],"line":22},"2":{"loc":{"start":{"line":22,"column":6},"end":{"line":22,"column":44}},"type":"binary-expr","locations":[{"start":{"line":22,"column":6},"end":{"line":22,"column":26}},{"start":{"line":22,"column":30},"end":{"line":22,"column":44}}],"line":22},"3":{"loc":{"start":{"line":23,"column":2},"end":{"line":23,"column":73}},"type":"if","locations":[{"start":{"line":23,"column":2},"end":{"line":23,"column":73}},{"start":{},"end":{}}],"line":23},"4":{"loc":{"start":{"line":23,"column":6},"end":{"line":23,"column":59}},"type":"binary-expr","locations":[{"start":{"line":23,"column":6},"end":{"line":23,"column":28}},{"start":{"line":23,"column":32},"end":{"line":23,"column":59}}],"line":23},"5":{"loc":{"start":{"line":26,"column":2},"end":{"line":26,"column":65}},"type":"if","locations":[{"start":{"line":26,"column":2},"end":{"line":26,"column":65}},{"start":{},"end":{}}],"line":26},"6":{"loc":{"start":{"line":26,"column":6},"end":{"line":26,"column":51}},"type":"binary-expr","locations":[{"start":{"line":26,"column":6},"end":{"line":26,"column":7}},{"start":{"line":26,"column":11},"end":{"line":26,"column":29}},{"start":{"line":26,"column":33},"end":{"line":26,"column":51}}],"line":26},"7":{"loc":{"start":{"line":36,"column":2},"end":{"line":44,"column":3}},"type":"if","locations":[{"start":{"line":36,"column":2},"end":{"line":44,"column":3}},{"start":{},"end":{}}],"line":36},"8":{"loc":{"start":{"line":37,"column":19},"end":{"line":37,"column":50}},"type":"binary-expr","locations":[{"start":{"line":37,"column":19},"end":{"line":37,"column":44}},{"start":{"line":37,"column":48},"end":{"line":37,"column":50}}],"line":37},"9":{"loc":{"start":{"line":38,"column":21},"end":{"line":38,"column":73}},"type":"binary-expr","locations":[{"start":{"line":38,"column":21},"end":{"line":38,"column":54}},{"start":{"line":38,"column":58},"end":{"line":38,"column":73}}],"line":38},"10":{"loc":{"start":{"line":39,"column":4},"end":{"line":42,"column":5}},"type":"if","locations":[{"start":{"line":39,"column":4},"end":{"line":42,"column":5}},{"start":{},"end":{}}],"line":39},"11":{"loc":{"start":{"line":40,"column":7},"end":{"line":40,"column":24}},"type":"binary-expr","locations":[{"start":{"line":40,"column":7},"end":{"line":40,"column":14}},{"start":{"line":40,"column":18},"end":{"line":40,"column":24}}],"line":40},"12":{"loc":{"start":{"line":53,"column":21},"end":{"line":53,"column":58}},"type":"binary-expr","locations":[{"start":{"line":53,"column":21},"end":{"line":53,"column":52}},{"start":{"line":53,"column":56},"end":{"line":53,"column":58}}],"line":53},"13":{"loc":{"start":{"line":58,"column":31},"end":{"line":58,"column":66}},"type":"binary-expr","locations":[{"start":{"line":58,"column":31},"end":{"line":58,"column":37}},{"start":{"line":58,"column":41},"end":{"line":58,"column":66}}],"line":58},"14":{"loc":{"start":{"line":59,"column":18},"end":{"line":59,"column":79}},"type":"binary-expr","locations":[{"start":{"line":59,"column":18},"end":{"line":59,"column":47}},{"start":{"line":59,"column":51},"end":{"line":59,"column":79}}],"line":59},"15":{"loc":{"start":{"line":61,"column":2},"end":{"line":64,"column":3}},"type":"if","locations":[{"start":{"line":61,"column":2},"end":{"line":64,"column":3}},{"start":{},"end":{}}],"line":61},"16":{"loc":{"start":{"line":62,"column":5},"end":{"line":62,"column":22}},"type":"binary-expr","locations":[{"start":{"line":62,"column":5},"end":{"line":62,"column":12}},{"start":{"line":62,"column":16},"end":{"line":62,"column":22}}],"line":62}},"s":{"0":6,"1":20,"2":10,"3":10,"4":5,"5":5,"6":2,"7":3,"8":3,"9":1,"10":2,"11":6,"12":15,"13":15,"14":5,"15":5,"16":5,"17":2,"18":2,"19":3,"20":10,"21":11,"22":10,"23":10,"24":10,"25":1,"26":1,"27":9,"28":6},"f":{"0":20,"1":10,"2":15,"3":11},"b":{"0":[20,0],"1":[5,5],"2":[10,5],"3":[2,3],"4":[5,4],"5":[1,2],"6":[3,1,1],"7":[5,10],"8":[5,2],"9":[5,2],"10":[2,3],"11":[2,1],"12":[10,9],"13":[10,0],"14":[10,2],"15":[1,9],"16":[1,1]},"_coverageSchema":"1a1c01bbd47fc00a2c39e90264f33305004495a9","hash":"4fd35e96c260b7e3132524f55a31231df94f7317"}
,"D:\\Dev\\Projects\\http-lab\\src\\middleware\\requestLogger.js": {"path":"D:\\Dev\\Projects\\http-lab\\src\\middleware\\requestLogger.js","statementMap":{"0":{"start":{"line":1,"column":15},"end":{"line":1,"column":32}},"1":{"start":{"line":2,"column":15},"end":{"line":2,"column":41}},"2":{"start":{"line":15,"column":22},"end":{"line":65,"column":1}},"3":{"start":{"line":17,"column":20},"end":{"line":17,"column":30}},"4":{"start":{"line":25,"column":20},"end":{"line":25,"column":70}},"5":{"start":{"line":26,"column":2},"end":{"line":26,"column":21}},"6":{"start":{"line":30,"column":2},"end":{"line":30,"column":43}},"7":{"start":{"line":36,"column":2},"end":{"line":36,"column":40}},"8":{"start":{"line":41,"column":2},"end":{"line":62,"column":5}},"9":{"start":{"line":42,"column":23},"end":{"line":42,"column":45}},"10":{"start":{"line":43,"column":21},"end":{"line":43,"column":65}},"11":{"start":{"line":50,"column":18},"end":{"line":50,"column":91}},"12":{"start":{"line":52,"column":4},"end":{"line":61,"column":6}},"13":{"start":{"line":64,"column":2},"end":{"line":64,"column":9}},"14":{"start":{"line":67,"column":0},"end":{"line":67,"column":31}}},"fnMap":{"0":{"name":"(anonymous_0)","decl":{"start":{"line":15,"column":22},"end":{"line":15,"column":23}},"loc":{"start":{"line":15,"column":42},"end":{"line":65,"column":1}},"line":15},"1":{"name":"(anonymous_1)","decl":{"start":{"line":41,"column":19},"end":{"line":41,"column":20}},"loc":{"start":{"line":41,"column":25},"end":{"line":62,"column":3}},"line":41}},"branchMap":{"0":{"loc":{"start":{"line":25,"column":20},"end":{"line":25,"column":70}},"type":"binary-expr","locations":[{"start":{"line":25,"column":20},"end":{"line":25,"column":47}},{"start":{"line":25,"column":51},"end":{"line":25,"column":70}}],"line":25},"1":{"loc":{"start":{"line":43,"column":21},"end":{"line":43,"column":65}},"type":"binary-expr","locations":[{"start":{"line":43,"column":21},"end":{"line":43,"column":60}},{"start":{"line":43,"column":64},"end":{"line":43,"column":65}}],"line":43},"2":{"loc":{"start":{"line":50,"column":18},"end":{"line":50,"column":91}},"type":"cond-expr","locations":[{"start":{"line":50,"column":42},"end":{"line":50,"column":49}},{"start":{"line":50,"column":52},"end":{"line":50,"column":91}}],"line":50},"3":{"loc":{"start":{"line":50,"column":52},"end":{"line":50,"column":91}},"type":"cond-expr","locations":[{"start":{"line":50,"column":76},"end":{"line":50,"column":82}},{"start":{"line":50,"column":85},"end":{"line":50,"column":91}}],"line":50}},"s":{"0":5,"1":5,"2":5,"3":54,"4":54,"5":54,"6":54,"7":54,"8":54,"9":54,"10":54,"11":54,"12":54,"13":54,"14":5},"f":{"0":54,"1":54},"b":{"0":[54,53],"1":[54,5],"2":[2,52],"3":[12,40]},"_coverageSchema":"1a1c01bbd47fc00a2c39e90264f33305004495a9","hash":"86ef81501d275848de7c821b1cc85b4087d81494"}
,"D:\\Dev\\Projects\\http-lab\\src\\routes\\auth.js": {"path":"D:\\Dev\\Projects\\http-lab\\src\\routes\\auth.js","statementMap":{"0":{"start":{"line":1,"column":16},"end":{"line":1,"column":34}},"1":{"start":{"line":2,"column":15},"end":{"line":2,"column":31}},"2":{"start":{"line":3,"column":18},"end":{"line":3,"column":47}},"3":{"start":{"line":5,"column":28},"end":{"line":5,"column":51}},"4":{"start":{"line":6,"column":42},"end":{"line":6,"column":77}},"5":{"start":{"line":7,"column":54},"end":{"line":7,"column":86}},"6":{"start":{"line":9,"column":15},"end":{"line":9,"column":32}},"7":{"start":{"line":11,"column":21},"end":{"line":19,"column":2}},"8":{"start":{"line":18,"column":14},"end":{"line":18,"column":45}},"9":{"start":{"line":22,"column":0},"end":{"line":53,"column":3}},"10":{"start":{"line":23,"column":2},"end":{"line":52,"column":3}},"11":{"start":{"line":24,"column":44},"end":{"line":24,"column":52}},"12":{"start":{"line":26,"column":4},"end":{"line":28,"column":5}},"13":{"start":{"line":27,"column":6},"end":{"line":27,"column":84}},"14":{"start":{"line":31,"column":27},"end":{"line":31,"column":55}},"15":{"start":{"line":33,"column":20},"end":{"line":40,"column":6}},"16":{"start":{"line":42,"column":4},"end":{"line":45,"column":7}},"17":{"start":{"line":48,"column":4},"end":{"line":50,"column":5}},"18":{"start":{"line":49,"column":6},"end":{"line":49,"column":77}},"19":{"start":{"line":51,"column":4},"end":{"line":51,"column":14}},"20":{"start":{"line":56,"column":0},"end":{"line":91,"column":3}},"21":{"start":{"line":57,"column":2},"end":{"line":90,"column":3}},"22":{"start":{"line":58,"column":32},"end":{"line":58,"column":40}},"23":{"start":{"line":61,"column":17},"end":{"line":61,"column":67}},"24":{"start":{"line":62,"column":4},"end":{"line":64,"column":5}},"25":{"start":{"line":63,"column":6},"end":{"line":63,"column":75}},"26":{"start":{"line":67,"column":28},"end":{"line":67,"column":74}},"27":{"start":{"line":68,"column":4},"end":{"line":70,"column":5}},"28":{"start":{"line":69,"column":6},"end":{"line":69,"column":75}},"29":{"start":{"line":74,"column":24},"end":{"line":74,"column":81}},"30":{"start":{"line":75,"column":25},"end":{"line":75,"column":66}},"31":{"start":{"line":78,"column":4},"end":{"line":81,"column":7}},"32":{"start":{"line":83,"column":4},"end":{"line":87,"column":7}},"33":{"start":{"line":89,"column":4},"end":{"line":89,"column":14}},"34":{"start":{"line":93,"column":0},"end":{"line":93,"column":24}}},"fnMap":{"0":{"name":"(anonymous_0)","decl":{"start":{"line":18,"column":8},"end":{"line":18,"column":9}},"loc":{"start":{"line":18,"column":14},"end":{"line":18,"column":45}},"line":18},"1":{"name":"(anonymous_1)","decl":{"start":{"line":22,"column":25},"end":{"line":22,"column":26}},"loc":{"start":{"line":22,"column":51},"end":{"line":53,"column":1}},"line":22},"2":{"name":"(anonymous_2)","decl":{"start":{"line":56,"column":36},"end":{"line":56,"column":37}},"loc":{"start":{"line":56,"column":62},"end":{"line":91,"column":1}},"line":56}},"branchMap":{"0":{"loc":{"start":{"line":26,"column":4},"end":{"line":28,"column":5}},"type":"if","locations":[{"start":{"line":26,"column":4},"end":{"line":28,"column":5}},{"start":{},"end":{}}],"line":26},"1":{"loc":{"start":{"line":26,"column":8},"end":{"line":26,"column":36}},"type":"binary-expr","locations":[{"start":{"line":26,"column":8},"end":{"line":26,"column":14}},{"start":{"line":26,"column":18},"end":{"line":26,"column":27}},{"start":{"line":26,"column":31},"end":{"line":26,"column":36}}],"line":26},"2":{"loc":{"start":{"line":38,"column":14},"end":{"line":38,"column":30}},"type":"binary-expr","locations":[{"start":{"line":38,"column":14},"end":{"line":38,"column":18}},{"start":{"line":38,"column":22},"end":{"line":38,"column":30}}],"line":38},"3":{"loc":{"start":{"line":48,"column":4},"end":{"line":50,"column":5}},"type":"if","locations":[{"start":{"line":48,"column":4},"end":{"line":50,"column":5}},{"start":{},"end":{}}],"line":48},"4":{"loc":{"start":{"line":62,"column":4},"end":{"line":64,"column":5}},"type":"if","locations":[{"start":{"line":62,"column":4},"end":{"line":64,"column":5}},{"start":{},"end":{}}],"line":62},"5":{"loc":{"start":{"line":68,"column":4},"end":{"line":70,"column":5}},"type":"if","locations":[{"start":{"line":68,"column":4},"end":{"line":70,"column":5}},{"start":{},"end":{}}],"line":68}},"s":{"0":5,"1":5,"2":5,"3":5,"4":5,"5":5,"6":5,"7":5,"8":19,"9":5,"10":3,"11":3,"12":3,"13":0,"14":3,"15":3,"16":2,"17":1,"18":1,"19":0,"20":5,"21":19,"22":19,"23":19,"24":19,"25":1,"26":18,"27":18,"28":1,"29":17,"30":17,"31":17,"32":17,"33":0,"34":5},"f":{"0":19,"1":3,"2":19},"b":{"0":[0,3],"1":[3,3,3],"2":[3,3],"3":[1,0],"4":[1,18],"5":[1,17]},"_coverageSchema":"1a1c01bbd47fc00a2c39e90264f33305004495a9","hash":"8bff2ede38401a44a2503d3a25efef3a83f8b1ac"}
,"D:\\Dev\\Projects\\http-lab\\src\\routes\\items.js": {"path":"D:\\Dev\\Projects\\http-lab\\src\\routes\\items.js","statementMap":{"0":{"start":{"line":1,"column":16},"end":{"line":1,"column":34}},"1":{"start":{"line":2,"column":15},"end":{"line":2,"column":31}},"2":{"start":{"line":4,"column":16},"end":{"line":4,"column":43}},"3":{"start":{"line":7,"column":40},"end":{"line":7,"column":79}},"4":{"start":{"line":11,"column":0},"end":{"line":20,"column":3}},"5":{"start":{"line":12,"column":2},"end":{"line":19,"column":3}},"6":{"start":{"line":14,"column":18},"end":{"line":14,"column":41}},"7":{"start":{"line":15,"column":4},"end":{"line":15,"column":63}},"8":{"start":{"line":18,"column":4},"end":{"line":18,"column":14}},"9":{"start":{"line":23,"column":0},"end":{"line":33,"column":3}},"10":{"start":{"line":24,"column":2},"end":{"line":32,"column":3}},"11":{"start":{"line":25,"column":17},"end":{"line":25,"column":54}},"12":{"start":{"line":26,"column":4},"end":{"line":28,"column":5}},"13":{"start":{"line":27,"column":6},"end":{"line":27,"column":63}},"14":{"start":{"line":29,"column":4},"end":{"line":29,"column":41}},"15":{"start":{"line":31,"column":4},"end":{"line":31,"column":14}},"16":{"start":{"line":36,"column":0},"end":{"line":57,"column":3}},"17":{"start":{"line":37,"column":2},"end":{"line":56,"column":3}},"18":{"start":{"line":39,"column":53},"end":{"line":39,"column":61}},"19":{"start":{"line":41,"column":4},"end":{"line":43,"column":5}},"20":{"start":{"line":42,"column":6},"end":{"line":42,"column":89}},"21":{"start":{"line":46,"column":20},"end":{"line":52,"column":6}},"22":{"start":{"line":53,"column":0},"end":{"line":53,"column":40}},"23":{"start":{"line":55,"column":4},"end":{"line":55,"column":14}},"24":{"start":{"line":60,"column":0},"end":{"line":73,"column":3}},"25":{"start":{"line":61,"column":2},"end":{"line":72,"column":3}},"26":{"start":{"line":62,"column":53},"end":{"line":62,"column":61}},"27":{"start":{"line":64,"column":4},"end":{"line":66,"column":5}},"28":{"start":{"line":65,"column":6},"end":{"line":65,"column":97}},"29":{"start":{"line":68,"column":24},"end":{"line":68,"column":102}},"30":{"start":{"line":69,"column":4},"end":{"line":69,"column":48}},"31":{"start":{"line":71,"column":4},"end":{"line":71,"column":14}},"32":{"start":{"line":76,"column":0},"end":{"line":83,"column":3}},"33":{"start":{"line":77,"column":2},"end":{"line":82,"column":3}},"34":{"start":{"line":78,"column":24},"end":{"line":78,"column":69}},"35":{"start":{"line":79,"column":4},"end":{"line":79,"column":48}},"36":{"start":{"line":81,"column":4},"end":{"line":81,"column":14}},"37":{"start":{"line":86,"column":0},"end":{"line":104,"column":3}},"38":{"start":{"line":87,"column":2},"end":{"line":103,"column":3}},"39":{"start":{"line":88,"column":17},"end":{"line":88,"column":54}},"40":{"start":{"line":89,"column":4},"end":{"line":91,"column":5}},"41":{"start":{"line":90,"column":6},"end":{"line":90,"column":63}},"42":{"start":{"line":95,"column":4},"end":{"line":97,"column":5}},"43":{"start":{"line":96,"column":6},"end":{"line":96,"column":106}},"44":{"start":{"line":99,"column":4},"end":{"line":99,"column":40}},"45":{"start":{"line":100,"column":4},"end":{"line":100,"column":27}},"46":{"start":{"line":102,"column":4},"end":{"line":102,"column":14}},"47":{"start":{"line":106,"column":0},"end":{"line":106,"column":24}}},"fnMap":{"0":{"name":"(anonymous_0)","decl":{"start":{"line":11,"column":35},"end":{"line":11,"column":36}},"loc":{"start":{"line":11,"column":61},"end":{"line":20,"column":1}},"line":11},"1":{"name":"(anonymous_1)","decl":{"start":{"line":23,"column":38},"end":{"line":23,"column":39}},"loc":{"start":{"line":23,"column":64},"end":{"line":33,"column":1}},"line":23},"2":{"name":"(anonymous_2)","decl":{"start":{"line":36,"column":58},"end":{"line":36,"column":59}},"loc":{"start":{"line":36,"column":84},"end":{"line":57,"column":1}},"line":36},"3":{"name":"(anonymous_3)","decl":{"start":{"line":60,"column":61},"end":{"line":60,"column":62}},"loc":{"start":{"line":60,"column":87},"end":{"line":73,"column":1}},"line":60},"4":{"name":"(anonymous_4)","decl":{"start":{"line":76,"column":63},"end":{"line":76,"column":64}},"loc":{"start":{"line":76,"column":89},"end":{"line":83,"column":1}},"line":76},"5":{"name":"(anonymous_5)","decl":{"start":{"line":86,"column":66},"end":{"line":86,"column":67}},"loc":{"start":{"line":86,"column":92},"end":{"line":104,"column":1}},"line":86}},"branchMap":{"0":{"loc":{"start":{"line":26,"column":4},"end":{"line":28,"column":5}},"type":"if","locations":[{"start":{"line":26,"column":4},"end":{"line":28,"column":5}},{"start":{},"end":{}}],"line":26},"1":{"loc":{"start":{"line":41,"column":4},"end":{"line":43,"column":5}},"type":"if","locations":[{"start":{"line":41,"column":4},"end":{"line":43,"column":5}},{"start":{},"end":{}}],"line":41},"2":{"loc":{"start":{"line":41,"column":8},"end":{"line":41,"column":51}},"type":"binary-expr","locations":[{"start":{"line":41,"column":8},"end":{"line":41,"column":13}},{"start":{"line":41,"column":17},"end":{"line":41,"column":36}},{"start":{"line":41,"column":40},"end":{"line":41,"column":51}}],"line":41},"3":{"loc":{"start":{"line":64,"column":4},"end":{"line":66,"column":5}},"type":"if","locations":[{"start":{"line":64,"column":4},"end":{"line":66,"column":5}},{"start":{},"end":{}}],"line":64},"4":{"loc":{"start":{"line":64,"column":8},"end":{"line":64,"column":51}},"type":"binary-expr","locations":[{"start":{"line":64,"column":8},"end":{"line":64,"column":13}},{"start":{"line":64,"column":17},"end":{"line":64,"column":36}},{"start":{"line":64,"column":40},"end":{"line":64,"column":51}}],"line":64},"5":{"loc":{"start":{"line":89,"column":4},"end":{"line":91,"column":5}},"type":"if","locations":[{"start":{"line":89,"column":4},"end":{"line":91,"column":5}},{"start":{},"end":{}}],"line":89},"6":{"loc":{"start":{"line":95,"column":4},"end":{"line":97,"column":5}},"type":"if","locations":[{"start":{"line":95,"column":4},"end":{"line":97,"column":5}},{"start":{},"end":{}}],"line":95},"7":{"loc":{"start":{"line":95,"column":8},"end":{"line":95,"column":68}},"type":"binary-expr","locations":[{"start":{"line":95,"column":8},"end":{"line":95,"column":33}},{"start":{"line":95,"column":37},"end":{"line":95,"column":68}}],"line":95}},"s":{"0":5,"1":5,"2":5,"3":5,"4":5,"5":1,"6":1,"7":1,"8":0,"9":5,"10":2,"11":2,"12":2,"13":1,"14":1,"15":0,"16":5,"17":10,"18":10,"19":10,"20":1,"21":9,"22":8,"23":1,"24":5,"25":2,"26":2,"27":2,"28":1,"29":1,"30":1,"31":0,"32":5,"33":1,"34":1,"35":1,"36":0,"37":5,"38":3,"39":3,"40":3,"41":1,"42":2,"43":1,"44":1,"45":1,"46":0,"47":5},"f":{"0":1,"1":2,"2":10,"3":2,"4":1,"5":3},"b":{"0":[1,1],"1":[1,9],"2":[10,9,9],"3":[1,1],"4":[2,1,1],"5":[1,2],"6":[1,1],"7":[2,1]},"_coverageSchema":"1a1c01bbd47fc00a2c39e90264f33305004495a9","hash":"538cf83f8b2f68df392cb38402216d775aba02a0"}
,"D:\\Dev\\Projects\\http-lab\\src\\store\\itemsDb.js": {"path":"D:\\Dev\\Projects\\http-lab\\src\\store\\itemsDb.js","statementMap":{"0":{"start":{"line":1,"column":0},"end":{"line":1,"column":42}},"1":{"start":{"line":5,"column":28},"end":{"line":5,"column":51}},"2":{"start":{"line":7,"column":15},"end":{"line":7,"column":32}},"3":{"start":{"line":9,"column":16},"end":{"line":85,"column":1}},"4":{"start":{"line":12,"column":4},"end":{"line":15,"column":7}},"5":{"start":{"line":20,"column":4},"end":{"line":23,"column":7}},"6":{"start":{"line":35,"column":4},"end":{"line":48,"column":7}},"7":{"start":{"line":53,"column":4},"end":{"line":62,"column":7}},"8":{"start":{"line":67,"column":4},"end":{"line":76,"column":7}},"9":{"start":{"line":81,"column":4},"end":{"line":83,"column":7}},"10":{"start":{"line":87,"column":0},"end":{"line":87,"column":25}}},"fnMap":{"0":{"name":"(anonymous_0)","decl":{"start":{"line":11,"column":11},"end":{"line":11,"column":12}},"loc":{"start":{"line":11,"column":23},"end":{"line":16,"column":3}},"line":11},"1":{"name":"(anonymous_1)","decl":{"start":{"line":19,"column":12},"end":{"line":19,"column":13}},"loc":{"start":{"line":19,"column":26},"end":{"line":24,"column":3}},"line":19},"2":{"name":"(anonymous_2)","decl":{"start":{"line":27,"column":10},"end":{"line":27,"column":11}},"loc":{"start":{"line":27,"column":26},"end":{"line":49,"column":3}},"line":27},"3":{"name":"(anonymous_3)","decl":{"start":{"line":52,"column":10},"end":{"line":52,"column":11}},"loc":{"start":{"line":52,"column":30},"end":{"line":63,"column":3}},"line":52},"4":{"name":"(anonymous_4)","decl":{"start":{"line":66,"column":11},"end":{"line":66,"column":12}},"loc":{"start":{"line":66,"column":31},"end":{"line":77,"column":3}},"line":66},"5":{"name":"(anonymous_5)","decl":{"start":{"line":80,"column":10},"end":{"line":80,"column":11}},"loc":{"start":{"line":80,"column":24},"end":{"line":84,"column":3}},"line":80}},"branchMap":{"0":{"loc":{"start":{"line":39,"column":21},"end":{"line":39,"column":45}},"type":"binary-expr","locations":[{"start":{"line":39,"column":21},"end":{"line":39,"column":37}},{"start":{"line":39,"column":41},"end":{"line":39,"column":45}}],"line":39},"1":{"loc":{"start":{"line":45,"column":12},"end":{"line":45,"column":79}},"type":"binary-expr","locations":[{"start":{"line":45,"column":12},"end":{"line":45,"column":23}},{"start":{"line":45,"column":27},"end":{"line":45,"column":79}}],"line":45},"2":{"loc":{"start":{"line":56,"column":12},"end":{"line":56,"column":44}},"type":"binary-expr","locations":[{"start":{"line":56,"column":12},"end":{"line":56,"column":21}},{"start":{"line":56,"column":25},"end":{"line":56,"column":44}}],"line":56},"3":{"loc":{"start":{"line":57,"column":12},"end":{"line":57,"column":61}},"type":"binary-expr","locations":[{"start":{"line":57,"column":12},"end":{"line":57,"column":36}},{"start":{"line":57,"column":40},"end":{"line":57,"column":61}}],"line":57},"4":{"loc":{"start":{"line":58,"column":12},"end":{"line":58,"column":79}},"type":"binary-expr","locations":[{"start":{"line":58,"column":12},"end":{"line":58,"column":42}},{"start":{"line":58,"column":46},"end":{"line":58,"column":79}}],"line":58},"5":{"loc":{"start":{"line":59,"column":12},"end":{"line":59,"column":91}},"type":"binary-expr","locations":[{"start":{"line":59,"column":12},"end":{"line":59,"column":27}},{"start":{"line":59,"column":31},"end":{"line":59,"column":91}}],"line":59},"6":{"loc":{"start":{"line":72,"column":21},"end":{"line":72,"column":45}},"type":"binary-expr","locations":[{"start":{"line":72,"column":21},"end":{"line":72,"column":37}},{"start":{"line":72,"column":41},"end":{"line":72,"column":45}}],"line":72}},"s":{"0":5,"1":5,"2":5,"3":5,"4":1,"5":5,"6":9,"7":1,"8":1,"9":1,"10":5},"f":{"0":1,"1":5,"2":9,"3":1,"4":1,"5":1},"b":{"0":[9,9],"1":[9,9],"2":[1,0],"3":[1,1],"4":[1,0],"5":[1,0],"6":[1,0]},"_coverageSchema":"1a1c01bbd47fc00a2c39e90264f33305004495a9","hash":"21dc1755ab8844354fbf3f17dda496634f9e6eba"}
,"D:\\Dev\\Projects\\http-lab\\src\\utils\\logger.js": {"path":"D:\\Dev\\Projects\\http-lab\\src\\utils\\logger.js","statementMap":{"0":{"start":{"line":17,"column":13},"end":{"line":17,"column":28}},"1":{"start":{"line":19,"column":21},"end":{"line":19,"column":58}},"2":{"start":{"line":20,"column":15},"end":{"line":20,"column":46}},"3":{"start":{"line":28,"column":2},"end":{"line":28,"column":80}},"4":{"start":{"line":40,"column":15},"end":{"line":57,"column":2}},"5":{"start":{"line":59,"column":0},"end":{"line":59,"column":24}}},"fnMap":{},"branchMap":{"0":{"loc":{"start":{"line":28,"column":2},"end":{"line":28,"column":80}},"type":"binary-expr","locations":[{"start":{"line":28,"column":2},"end":{"line":28,"column":23}},{"start":{"line":28,"column":28},"end":{"line":28,"column":79}}],"line":28},"1":{"loc":{"start":{"line":28,"column":28},"end":{"line":28,"column":79}},"type":"cond-expr","locations":[{"start":{"line":28,"column":37},"end":{"line":28,"column":45}},{"start":{"line":28,"column":48},"end":{"line":28,"column":79}}],"line":28},"2":{"loc":{"start":{"line":28,"column":48},"end":{"line":28,"column":79}},"type":"cond-expr","locations":[{"start":{"line":28,"column":63},"end":{"line":28,"column":69}},{"start":{"line":28,"column":72},"end":{"line":28,"column":79}}],"line":28},"3":{"loc":{"start":{"line":44,"column":4},"end":{"line":53,"column":9}},"type":"cond-expr","locations":[{"start":{"line":45,"column":8},"end":{"line":45,"column":17}},{"start":{"line":46,"column":8},"end":{"line":53,"column":9}}],"line":44},"4":{"loc":{"start":{"line":44,"column":4},"end":{"line":44,"column":26}},"type":"binary-expr","locations":[{"start":{"line":44,"column":4},"end":{"line":44,"column":16}},{"start":{"line":44,"column":20},"end":{"line":44,"column":26}}],"line":44},"5":{"loc":{"start":{"line":56,"column":6},"end":{"line":56,"column":70}},"type":"cond-expr","locations":[{"start":{"line":56,"column":21},"end":{"line":56,"column":65}},{"start":{"line":56,"column":68},"end":{"line":56,"column":70}}],"line":56}},"s":{"0":6,"1":6,"2":6,"3":6,"4":6,"5":6},"f":{},"b":{"0":[6,6],"1":[6,0],"2":[0,0],"3":[6,0],"4":[6,6],"5":[0,6]},"_coverageSchema":"1a1c01bbd47fc00a2c39e90264f33305004495a9","hash":"73006b41f1cb9d7920af12d6263f451fb514d675"}
,"D:\\Dev\\Projects\\http-lab\\src\\utils\\passwordService.js": {"path":"D:\\Dev\\Projects\\http-lab\\src\\utils\\passwordService.js","statementMap":{"0":{"start":{"line":12,"column":15},"end":{"line":12,"column":32}},"1":{"start":{"line":14,"column":20},"end":{"line":14,"column":22}},"2":{"start":{"line":17,"column":2},"end":{"line":17,"column":53}},"3":{"start":{"line":21,"column":2},"end":{"line":21,"column":59}},"4":{"start":{"line":24,"column":0},"end":{"line":24,"column":64}}},"fnMap":{"0":{"name":"hashPassword","decl":{"start":{"line":16,"column":15},"end":{"line":16,"column":27}},"loc":{"start":{"line":16,"column":47},"end":{"line":18,"column":1}},"line":16},"1":{"name":"comparePassword","decl":{"start":{"line":20,"column":15},"end":{"line":20,"column":30}},"loc":{"start":{"line":20,"column":66},"end":{"line":22,"column":1}},"line":20}},"branchMap":{},"s":{"0":6,"1":6,"2":27,"3":20,"4":6},"f":{"0":27,"1":20},"b":{},"_coverageSchema":"1a1c01bbd47fc00a2c39e90264f33305004495a9","hash":"c6d64e6f3ce33bfc7e7c8f1d714920df9d9fc54d"}
,"D:\\Dev\\Projects\\http-lab\\src\\utils\\tokenService.js": {"path":"D:\\Dev\\Projects\\http-lab\\src\\utils\\tokenService.js","statementMap":{"0":{"start":{"line":15,"column":12},"end":{"line":15,"column":35}},"1":{"start":{"line":17,"column":28},"end":{"line":17,"column":33}},"2":{"start":{"line":18,"column":29},"end":{"line":18,"column":33}},"3":{"start":{"line":21,"column":2},"end":{"line":25,"column":4}},"4":{"start":{"line":29,"column":2},"end":{"line":33,"column":4}},"5":{"start":{"line":39,"column":2},"end":{"line":39,"column":35}},"6":{"start":{"line":43,"column":2},"end":{"line":43,"column":35}},"7":{"start":{"line":46,"column":0},"end":{"line":53,"column":2}}},"fnMap":{"0":{"name":"generateAccessToken","decl":{"start":{"line":20,"column":9},"end":{"line":20,"column":28}},"loc":{"start":{"line":20,"column":78},"end":{"line":26,"column":1}},"line":20},"1":{"name":"generateRefreshToken","decl":{"start":{"line":28,"column":9},"end":{"line":28,"column":29}},"loc":{"start":{"line":28,"column":80},"end":{"line":34,"column":1}},"line":28},"2":{"name":"verifyAccessToken","decl":{"start":{"line":36,"column":9},"end":{"line":36,"column":26}},"loc":{"start":{"line":36,"column":74},"end":{"line":40,"column":1}},"line":36},"3":{"name":"verifyRefreshToken","decl":{"start":{"line":42,"column":9},"end":{"line":42,"column":27}},"loc":{"start":{"line":42,"column":76},"end":{"line":44,"column":1}},"line":42}},"branchMap":{"0":{"loc":{"start":{"line":20,"column":38},"end":{"line":20,"column":76}},"type":"default-arg","locations":[{"start":{"line":20,"column":47},"end":{"line":20,"column":76}}],"line":20},"1":{"loc":{"start":{"line":28,"column":39},"end":{"line":28,"column":78}},"type":"default-arg","locations":[{"start":{"line":28,"column":48},"end":{"line":28,"column":78}}],"line":28},"2":{"loc":{"start":{"line":36,"column":34},"end":{"line":36,"column":72}},"type":"default-arg","locations":[{"start":{"line":36,"column":43},"end":{"line":36,"column":72}}],"line":36},"3":{"loc":{"start":{"line":42,"column":35},"end":{"line":42,"column":74}},"type":"default-arg","locations":[{"start":{"line":42,"column":44},"end":{"line":42,"column":74}}],"line":42}},"s":{"0":7,"1":7,"2":7,"3":22,"4":20,"5":27,"6":1,"7":7},"f":{"0":22,"1":20,"2":27,"3":1},"b":{"0":[22],"1":[20],"2":[27],"3":[1]},"_coverageSchema":"1a1c01bbd47fc00a2c39e90264f33305004495a9","hash":"659cbfd47bade927adb7454b4c2a105fb0c15cb3"}
}
