{"/home/claude/http-lab/http-lab/src/app.js": {"path":"/home/claude/http-lab/http-lab/src/app.js","statementMap":{"0":{"start":{"line":2,"column":0},"end":{"line":2,"column":42}},"1":{"start":{"line":5,"column":16},"end":{"line":5,"column":34}},"2":{"start":{"line":8,"column":22},"end":{"line":8,"column":59}},"3":{"start":{"line":9,"column":21},"end":{"line":9,"column":57}},"4":{"start":{"line":12,"column":20},"end":{"line":12,"column":45}},"5":{"start":{"line":13,"column":19},"end":{"line":13,"column":43}},"6":{"start":{"line":25,"column":12},"end":{"line":25,"column":21}},"7":{"start":{"line":29,"column":0},"end":{"line":29,"column":24}},"8":{"start":{"line":33,"column":0},"end":{"line":33,"column":23}},"9":{"start":{"line":36,"column":0},"end":{"line":36,"column":35}},"10":{"start":{"line":37,"column":0},"end":{"line":37,"column":33}},"11":{"start":{"line":40,"column":0},"end":{"line":46,"column":3}},"12":{"start":{"line":41,"column":2},"end":{"line":45,"column":5}},"13":{"start":{"line":50,"column":0},"end":{"line":56,"column":3}},"14":{"start":{"line":51,"column":2},"end":{"line":55,"column":5}},"15":{"start":{"line":60,"column":0},"end":{"line":60,"column":22}},"16":{"start":{"line":62,"column":0},"end":{"line":62,"column":21}}},"fnMap":{"0":{"name":"(anonymous_0)","decl":{"start":{"line":40,"column":19},"end":{"line":40,"column":20}},"loc":{"start":{"line":40,"column":33},"end":{"line":46,"column":1}},"line":40},"1":{"name":"(anonymous_1)","decl":{"start":{"line":50,"column":8},"end":{"line":50,"column":9}},"loc":{"start":{"line":50,"column":22},"end":{"line":56,"column":1}},"line":50}},"branchMap":{},"s":{"0":2,"1":2,"2":2,"3":2,"4":2,"5":2,"6":2,"7":2,"8":2,"9":2,"10":2,"11":2,"12":0,"13":2,"14":0,"15":2,"16":2},"f":{"0":0,"1":0},"b":{},"_coverageSchema":"1a1c01bbd47fc00a2c39e90264f33305004495a9","hash":"b61258062a94e07595453a4552ff40fbe48aafcb"}
,"/home/claude/http-lab/http-lab/src/db/prisma.js": {"path":"/home/claude/http-lab/http-lab/src/db/prisma.js","statementMap":{"0":{"start":{"line":17,"column":17},"end":{"line":17,"column":30}},"1":{"start":{"line":18,"column":21},"end":{"line":18,"column":50}},"2":{"start":{"line":19,"column":25},"end":{"line":19,"column":50}},"3":{"start":{"line":21,"column":21},"end":{"line":21,"column":25}},"4":{"start":{"line":24,"column":27},"end":{"line":24,"column":51}},"5":{"start":{"line":25,"column":15},"end":{"line":25,"column":45}},"6":{"start":{"line":26,"column":18},"end":{"line":26,"column":36}},"7":{"start":{"line":27,"column":2},"end":{"line":27,"column":39}},"8":{"start":{"line":31,"column":2},"end":{"line":33,"column":3}},"9":{"start":{"line":32,"column":4},"end":{"line":32,"column":42}},"10":{"start":{"line":34,"column":2},"end":{"line":34,"column":24}},"11":{"start":{"line":37,"column":0},"end":{"line":37,"column":37}}},"fnMap":{"0":{"name":"createPrismaClient","decl":{"start":{"line":23,"column":9},"end":{"line":23,"column":27}},"loc":{"start":{"line":23,"column":30},"end":{"line":28,"column":1}},"line":23},"1":{"name":"getPrismaClient","decl":{"start":{"line":30,"column":9},"end":{"line":30,"column":24}},"loc":{"start":{"line":30,"column":27},"end":{"line":35,"column":1}},"line":30}},"branchMap":{"0":{"loc":{"start":{"line":31,"column":2},"end":{"line":33,"column":3}},"type":"if","locations":[{"start":{"line":31,"column":2},"end":{"line":33,"column":3}},{"start":{},"end":{}}],"line":31}},"s":{"0":2,"1":2,"2":2,"3":2,"4":2,"5":2,"6":2,"7":2,"8":28,"9":2,"10":28,"11":2},"f":{"0":2,"1":28},"b":{"0":[2,26]},"_coverageSchema":"1a1c01bbd47fc00a2c39e90264f33305004495a9","hash":"94dff64f4ca634e36e4cf996cb7a0535e886f17e"}
,"/home/claude/http-lab/http-lab/src/middleware/authMiddleware.js": {"path":"/home/claude/http-lab/http-lab/src/middleware/authMiddleware.js","statementMap":{"0":{"start":{"line":1,"column":30},"end":{"line":1,"column":62}},"1":{"start":{"line":4,"column":26},"end":{"line":23,"column":1}},"2":{"start":{"line":6,"column":21},"end":{"line":6,"column":49}},"3":{"start":{"line":7,"column":16},"end":{"line":7,"column":54}},"4":{"start":{"line":9,"column":2},"end":{"line":11,"column":3}},"5":{"start":{"line":10,"column":4},"end":{"line":10,"column":83}},"6":{"start":{"line":13,"column":2},"end":{"line":22,"column":3}},"7":{"start":{"line":17,"column":17},"end":{"line":17,"column":41}},"8":{"start":{"line":18,"column":4},"end":{"line":18,"column":20}},"9":{"start":{"line":19,"column":4},"end":{"line":19,"column":11}},"10":{"start":{"line":21,"column":4},"end":{"line":21,"column":81}},"11":{"start":{"line":26,"column":20},"end":{"line":38,"column":1}},"12":{"start":{"line":27,"column":2},"end":{"line":37,"column":4}},"13":{"start":{"line":29,"column":23},"end":{"line":29,"column":82}},"14":{"start":{"line":32,"column":4},"end":{"line":36,"column":5}},"15":{"start":{"line":33,"column":6},"end":{"line":33,"column":13}},"16":{"start":{"line":35,"column":6},"end":{"line":35,"column":92}},"17":{"start":{"line":40,"column":0},"end":{"line":40,"column":52}}},"fnMap":{"0":{"name":"(anonymous_0)","decl":{"start":{"line":4,"column":26},"end":{"line":4,"column":27}},"loc":{"start":{"line":4,"column":46},"end":{"line":23,"column":1}},"line":4},"1":{"name":"(anonymous_1)","decl":{"start":{"line":26,"column":20},"end":{"line":26,"column":21}},"loc":{"start":{"line":26,"column":38},"end":{"line":38,"column":1}},"line":26},"2":{"name":"(anonymous_2)","decl":{"start":{"line":27,"column":9},"end":{"line":27,"column":10}},"loc":{"start":{"line":27,"column":29},"end":{"line":37,"column":3}},"line":27}},"branchMap":{"0":{"loc":{"start":{"line":7,"column":16},"end":{"line":7,"column":54}},"type":"binary-expr","locations":[{"start":{"line":7,"column":16},"end":{"line":7,"column":26}},{"start":{"line":7,"column":30},"end":{"line":7,"column":54}}],"line":7},"1":{"loc":{"start":{"line":9,"column":2},"end":{"line":11,"column":3}},"type":"if","locations":[{"start":{"line":9,"column":2},"end":{"line":11,"column":3}},{"start":{},"end":{}}],"line":9},"2":{"loc":{"start":{"line":29,"column":23},"end":{"line":29,"column":82}},"type":"cond-expr","locations":[{"start":{"line":29,"column":53},"end":{"line":29,"column":65}},{"start":{"line":29,"column":68},"end":{"line":29,"column":82}}],"line":29},"3":{"loc":{"start":{"line":32,"column":4},"end":{"line":36,"column":5}},"type":"if","locations":[{"start":{"line":32,"column":4},"end":{"line":36,"column":5}},{"start":{"line":34,"column":11},"end":{"line":36,"column":5}}],"line":32},"4":{"loc":{"start":{"line":32,"column":8},"end":{"line":32,"column":71}},"type":"binary-expr","locations":[{"start":{"line":32,"column":8},"end":{"line":32,"column":33}},{"start":{"line":32,"column":37},"end":{"line":32,"column":71}}],"line":32}},"s":{"0":3,"1":3,"2":25,"3":25,"4":25,"5":2,"6":23,"7":23,"8":21,"9":21,"10":2,"11":3,"12":12,"13":21,"14":21,"15":19,"16":2,"17":3},"f":{"0":25,"1":12,"2":21},"b":{"0":[25,23],"1":[2,23],"2":[6,15],"3":[19,2],"4":[21,19]},"_coverageSchema":"1a1c01bbd47fc00a2c39e90264f33305004495a9","hash":"aa8970fcf69a53d256c9ef6d46ab413e6059bdd3"}
,"/home/claude/http-lab/http-lab/src/middleware/errorHandler.js": {"path":"/home/claude/http-lab/http-lab/src/middleware/errorHandler.js","statementMap":{"0":{"start":{"line":4,"column":21},"end":{"line":22,"column":1}},"1":{"start":{"line":6,"column":2},"end":{"line":6,"column":67}},"2":{"start":{"line":10,"column":21},"end":{"line":10,"column":42}},"3":{"start":{"line":13,"column":18},"end":{"line":13,"column":56}},"4":{"start":{"line":16,"column":2},"end":{"line":21,"column":5}},"5":{"start":{"line":25,"column":0},"end":{"line":25,"column":30}}},"fnMap":{"0":{"name":"(anonymous_0)","decl":{"start":{"line":4,"column":21},"end":{"line":4,"column":22}},"loc":{"start":{"line":4,"column":46},"end":{"line":22,"column":1}},"line":4}},"branchMap":{"0":{"loc":{"start":{"line":10,"column":21},"end":{"line":10,"column":42}},"type":"binary-expr","locations":[{"start":{"line":10,"column":21},"end":{"line":10,"column":35}},{"start":{"line":10,"column":39},"end":{"line":10,"column":42}}],"line":10},"1":{"loc":{"start":{"line":13,"column":18},"end":{"line":13,"column":56}},"type":"binary-expr","locations":[{"start":{"line":13,"column":18},"end":{"line":13,"column":29}},{"start":{"line":13,"column":33},"end":{"line":13,"column":56}}],"line":13}},"s":{"0":2,"1":1,"2":1,"3":1,"4":1,"5":2},"f":{"0":1},"b":{"0":[1,1],"1":[1,0]},"_coverageSchema":"1a1c01bbd47fc00a2c39e90264f33305004495a9","hash":"cadcf618dad6bcc7eae7e48086e33c503bbce210"}
,"/home/claude/http-lab/http-lab/src/middleware/requestLogger.js": {"path":"/home/claude/http-lab/http-lab/src/middleware/requestLogger.js","statementMap":{"0":{"start":{"line":2,"column":22},"end":{"line":22,"column":1}},"1":{"start":{"line":4,"column":20},"end":{"line":4,"column":30}},"2":{"start":{"line":7,"column":2},"end":{"line":18,"column":5}},"3":{"start":{"line":9,"column":21},"end":{"line":9,"column":43}},"4":{"start":{"line":12,"column":21},"end":{"line":12,"column":59}},"5":{"start":{"line":15,"column":4},"end":{"line":17,"column":6}},"6":{"start":{"line":21,"column":2},"end":{"line":21,"column":9}},"7":{"start":{"line":25,"column":0},"end":{"line":25,"column":31}}},"fnMap":{"0":{"name":"(anonymous_0)","decl":{"start":{"line":2,"column":22},"end":{"line":2,"column":23}},"loc":{"start":{"line":2,"column":42},"end":{"line":22,"column":1}},"line":2},"1":{"name":"(anonymous_1)","decl":{"start":{"line":7,"column":19},"end":{"line":7,"column":20}},"loc":{"start":{"line":7,"column":25},"end":{"line":18,"column":3}},"line":7}},"branchMap":{"0":{"loc":{"start":{"line":12,"column":21},"end":{"line":12,"column":59}},"type":"binary-expr","locations":[{"start":{"line":12,"column":21},"end":{"line":12,"column":52}},{"start":{"line":12,"column":56},"end":{"line":12,"column":59}}],"line":12}},"s":{"0":2,"1":44,"2":44,"3":44,"4":44,"5":44,"6":44,"7":2},"f":{"0":44,"1":44},"b":{"0":[44,1]},"_coverageSchema":"1a1c01bbd47fc00a2c39e90264f33305004495a9","hash":"87c2bcdf999fff30c2c4744ec65145711517f90a"}
,"/home/claude/http-lab/http-lab/src/routes/auth.js": {"path":"/home/claude/http-lab/http-lab/src/routes/auth.js","statementMap":{"0":{"start":{"line":1,"column":16},"end":{"line":1,"column":34}},"1":{"start":{"line":2,"column":15},"end":{"line":2,"column":31}},"2":{"start":{"line":3,"column":18},"end":{"line":3,"column":47}},"3":{"start":{"line":5,"column":28},"end":{"line":5,"column":51}},"4":{"start":{"line":6,"column":42},"end":{"line":6,"column":77}},"5":{"start":{"line":7,"column":54},"end":{"line":7,"column":86}},"6":{"start":{"line":9,"column":15},"end":{"line":9,"column":32}},"7":{"start":{"line":11,"column":21},"end":{"line":19,"column":2}},"8":{"start":{"line":18,"column":14},"end":{"line":18,"column":45}},"9":{"start":{"line":22,"column":0},"end":{"line":53,"column":3}},"10":{"start":{"line":23,"column":2},"end":{"line":52,"column":3}},"11":{"start":{"line":24,"column":44},"end":{"line":24,"column":52}},"12":{"start":{"line":26,"column":4},"end":{"line":28,"column":5}},"13":{"start":{"line":27,"column":6},"end":{"line":27,"column":84}},"14":{"start":{"line":31,"column":27},"end":{"line":31,"column":55}},"15":{"start":{"line":33,"column":20},"end":{"line":40,"column":6}},"16":{"start":{"line":42,"column":4},"end":{"line":45,"column":7}},"17":{"start":{"line":48,"column":4},"end":{"line":50,"column":5}},"18":{"start":{"line":49,"column":6},"end":{"line":49,"column":77}},"19":{"start":{"line":51,"column":4},"end":{"line":51,"column":14}},"20":{"start":{"line":56,"column":0},"end":{"line":91,"column":3}},"21":{"start":{"line":57,"column":2},"end":{"line":90,"column":3}},"22":{"start":{"line":58,"column":32},"end":{"line":58,"column":40}},"23":{"start":{"line":61,"column":17},"end":{"line":61,"column":67}},"24":{"start":{"line":62,"column":4},"end":{"line":64,"column":5}},"25":{"start":{"line":63,"column":6},"end":{"line":63,"column":75}},"26":{"start":{"line":67,"column":28},"end":{"line":67,"column":74}},"27":{"start":{"line":68,"column":4},"end":{"line":70,"column":5}},"28":{"start":{"line":69,"column":6},"end":{"line":69,"column":75}},"29":{"start":{"line":74,"column":24},"end":{"line":74,"column":81}},"30":{"start":{"line":75,"column":25},"end":{"line":75,"column":66}},"31":{"start":{"line":78,"column":4},"end":{"line":81,"column":7}},"32":{"start":{"line":83,"column":4},"end":{"line":87,"column":7}},"33":{"start":{"line":89,"column":4},"end":{"line":89,"column":14}},"34":{"start":{"line":93,"column":0},"end":{"line":93,"column":24}}},"fnMap":{"0":{"name":"(anonymous_0)","decl":{"start":{"line":18,"column":8},"end":{"line":18,"column":9}},"loc":{"start":{"line":18,"column":14},"end":{"line":18,"column":45}},"line":18},"1":{"name":"(anonymous_1)","decl":{"start":{"line":22,"column":25},"end":{"line":22,"column":26}},"loc":{"start":{"line":22,"column":51},"end":{"line":53,"column":1}},"line":22},"2":{"name":"(anonymous_2)","decl":{"start":{"line":56,"column":36},"end":{"line":56,"column":37}},"loc":{"start":{"line":56,"column":62},"end":{"line":91,"column":1}},"line":56}},"branchMap":{"0":{"loc":{"start":{"line":26,"column":4},"end":{"line":28,"column":5}},"type":"if","locations":[{"start":{"line":26,"column":4},"end":{"line":28,"column":5}},{"start":{},"end":{}}],"line":26},"1":{"loc":{"start":{"line":26,"column":8},"end":{"line":26,"column":36}},"type":"binary-expr","locations":[{"start":{"line":26,"column":8},"end":{"line":26,"column":14}},{"start":{"line":26,"column":18},"end":{"line":26,"column":27}},{"start":{"line":26,"column":31},"end":{"line":26,"column":36}}],"line":26},"2":{"loc":{"start":{"line":38,"column":14},"end":{"line":38,"column":30}},"type":"binary-expr","locations":[{"start":{"line":38,"column":14},"end":{"line":38,"column":18}},{"start":{"line":38,"column":22},"end":{"line":38,"column":30}}],"line":38},"3":{"loc":{"start":{"line":48,"column":4},"end":{"line":50,"column":5}},"type":"if","locations":[{"start":{"line":48,"column":4},"end":{"line":50,"column":5}},{"start":{},"end":{}}],"line":48},"4":{"loc":{"start":{"line":62,"column":4},"end":{"line":64,"column":5}},"type":"if","locations":[{"start":{"line":62,"column":4},"end":{"line":64,"column":5}},{"start":{},"end":{}}],"line":62},"5":{"loc":{"start":{"line":68,"column":4},"end":{"line":70,"column":5}},"type":"if","locations":[{"start":{"line":68,"column":4},"end":{"line":70,"column":5}},{"start":{},"end":{}}],"line":68}},"s":{"0":2,"1":2,"2":2,"3":2,"4":2,"5":2,"6":2,"7":2,"8":19,"9":2,"10":3,"11":3,"12":3,"13":0,"14":3,"15":3,"16":2,"17":1,"18":1,"19":0,"20":2,"21":19,"22":19,"23":19,"24":19,"25":1,"26":18,"27":18,"28":1,"29":17,"30":17,"31":17,"32":17,"33":0,"34":2},"f":{"0":19,"1":3,"2":19},"b":{"0":[0,3],"1":[3,3,3],"2":[3,3],"3":[1,0],"4":[1,18],"5":[1,17]},"_coverageSchema":"1a1c01bbd47fc00a2c39e90264f33305004495a9","hash":"79e857594e01a6e794ea2b8011aec5978fbbbd0d"}
,"/home/claude/http-lab/http-lab/src/routes/items.js": {"path":"/home/claude/http-lab/http-lab/src/routes/items.js","statementMap":{"0":{"start":{"line":1,"column":16},"end":{"line":1,"column":34}},"1":{"start":{"line":2,"column":15},"end":{"line":2,"column":31}},"2":{"start":{"line":4,"column":16},"end":{"line":4,"column":43}},"3":{"start":{"line":7,"column":40},"end":{"line":7,"column":79}},"4":{"start":{"line":11,"column":0},"end":{"line":20,"column":3}},"5":{"start":{"line":12,"column":2},"end":{"line":19,"column":3}},"6":{"start":{"line":14,"column":18},"end":{"line":14,"column":41}},"7":{"start":{"line":15,"column":4},"end":{"line":15,"column":63}},"8":{"start":{"line":18,"column":4},"end":{"line":18,"column":14}},"9":{"start":{"line":23,"column":0},"end":{"line":33,"column":3}},"10":{"start":{"line":24,"column":2},"end":{"line":32,"column":3}},"11":{"start":{"line":25,"column":17},"end":{"line":25,"column":54}},"12":{"start":{"line":26,"column":4},"end":{"line":28,"column":5}},"13":{"start":{"line":27,"column":6},"end":{"line":27,"column":63}},"14":{"start":{"line":29,"column":4},"end":{"line":29,"column":41}},"15":{"start":{"line":31,"column":4},"end":{"line":31,"column":14}},"16":{"start":{"line":36,"column":0},"end":{"line":57,"column":3}},"17":{"start":{"line":37,"column":2},"end":{"line":56,"column":3}},"18":{"start":{"line":39,"column":53},"end":{"line":39,"column":61}},"19":{"start":{"line":41,"column":4},"end":{"line":43,"column":5}},"20":{"start":{"line":42,"column":6},"end":{"line":42,"column":89}},"21":{"start":{"line":46,"column":20},"end":{"line":52,"column":6}},"22":{"start":{"line":53,"column":0},"end":{"line":53,"column":40}},"23":{"start":{"line":55,"column":4},"end":{"line":55,"column":14}},"24":{"start":{"line":60,"column":0},"end":{"line":73,"column":3}},"25":{"start":{"line":61,"column":2},"end":{"line":72,"column":3}},"26":{"start":{"line":62,"column":53},"end":{"line":62,"column":61}},"27":{"start":{"line":64,"column":4},"end":{"line":66,"column":5}},"28":{"start":{"line":65,"column":6},"end":{"line":65,"column":97}},"29":{"start":{"line":68,"column":24},"end":{"line":68,"column":102}},"30":{"start":{"line":69,"column":4},"end":{"line":69,"column":48}},"31":{"start":{"line":71,"column":4},"end":{"line":71,"column":14}},"32":{"start":{"line":76,"column":0},"end":{"line":83,"column":3}},"33":{"start":{"line":77,"column":2},"end":{"line":82,"column":3}},"34":{"start":{"line":78,"column":24},"end":{"line":78,"column":69}},"35":{"start":{"line":79,"column":4},"end":{"line":79,"column":48}},"36":{"start":{"line":81,"column":4},"end":{"line":81,"column":14}},"37":{"start":{"line":86,"column":0},"end":{"line":104,"column":3}},"38":{"start":{"line":87,"column":2},"end":{"line":103,"column":3}},"39":{"start":{"line":88,"column":17},"end":{"line":88,"column":54}},"40":{"start":{"line":89,"column":4},"end":{"line":91,"column":5}},"41":{"start":{"line":90,"column":6},"end":{"line":90,"column":63}},"42":{"start":{"line":95,"column":4},"end":{"line":97,"column":5}},"43":{"start":{"line":96,"column":6},"end":{"line":96,"column":106}},"44":{"start":{"line":99,"column":4},"end":{"line":99,"column":40}},"45":{"start":{"line":100,"column":4},"end":{"line":100,"column":27}},"46":{"start":{"line":102,"column":4},"end":{"line":102,"column":14}},"47":{"start":{"line":106,"column":0},"end":{"line":106,"column":24}}},"fnMap":{"0":{"name":"(anonymous_0)","decl":{"start":{"line":11,"column":35},"end":{"line":11,"column":36}},"loc":{"start":{"line":11,"column":61},"end":{"line":20,"column":1}},"line":11},"1":{"name":"(anonymous_1)","decl":{"start":{"line":23,"column":38},"end":{"line":23,"column":39}},"loc":{"start":{"line":23,"column":64},"end":{"line":33,"column":1}},"line":23},"2":{"name":"(anonymous_2)","decl":{"start":{"line":36,"column":58},"end":{"line":36,"column":59}},"loc":{"start":{"line":36,"column":84},"end":{"line":57,"column":1}},"line":36},"3":{"name":"(anonymous_3)","decl":{"start":{"line":60,"column":61},"end":{"line":60,"column":62}},"loc":{"start":{"line":60,"column":87},"end":{"line":73,"column":1}},"line":60},"4":{"name":"(anonymous_4)","decl":{"start":{"line":76,"column":63},"end":{"line":76,"column":64}},"loc":{"start":{"line":76,"column":89},"end":{"line":83,"column":1}},"line":76},"5":{"name":"(anonymous_5)","decl":{"start":{"line":86,"column":66},"end":{"line":86,"column":67}},"loc":{"start":{"line":86,"column":92},"end":{"line":104,"column":1}},"line":86}},"branchMap":{"0":{"loc":{"start":{"line":26,"column":4},"end":{"line":28,"column":5}},"type":"if","locations":[{"start":{"line":26,"column":4},"end":{"line":28,"column":5}},{"start":{},"end":{}}],"line":26},"1":{"loc":{"start":{"line":41,"column":4},"end":{"line":43,"column":5}},"type":"if","locations":[{"start":{"line":41,"column":4},"end":{"line":43,"column":5}},{"start":{},"end":{}}],"line":41},"2":{"loc":{"start":{"line":41,"column":8},"end":{"line":41,"column":51}},"type":"binary-expr","locations":[{"start":{"line":41,"column":8},"end":{"line":41,"column":13}},{"start":{"line":41,"column":17},"end":{"line":41,"column":36}},{"start":{"line":41,"column":40},"end":{"line":41,"column":51}}],"line":41},"3":{"loc":{"start":{"line":64,"column":4},"end":{"line":66,"column":5}},"type":"if","locations":[{"start":{"line":64,"column":4},"end":{"line":66,"column":5}},{"start":{},"end":{}}],"line":64},"4":{"loc":{"start":{"line":64,"column":8},"end":{"line":64,"column":51}},"type":"binary-expr","locations":[{"start":{"line":64,"column":8},"end":{"line":64,"column":13}},{"start":{"line":64,"column":17},"end":{"line":64,"column":36}},{"start":{"line":64,"column":40},"end":{"line":64,"column":51}}],"line":64},"5":{"loc":{"start":{"line":89,"column":4},"end":{"line":91,"column":5}},"type":"if","locations":[{"start":{"line":89,"column":4},"end":{"line":91,"column":5}},{"start":{},"end":{}}],"line":89},"6":{"loc":{"start":{"line":95,"column":4},"end":{"line":97,"column":5}},"type":"if","locations":[{"start":{"line":95,"column":4},"end":{"line":97,"column":5}},{"start":{},"end":{}}],"line":95},"7":{"loc":{"start":{"line":95,"column":8},"end":{"line":95,"column":68}},"type":"binary-expr","locations":[{"start":{"line":95,"column":8},"end":{"line":95,"column":33}},{"start":{"line":95,"column":37},"end":{"line":95,"column":68}}],"line":95}},"s":{"0":2,"1":2,"2":2,"3":2,"4":2,"5":1,"6":1,"7":1,"8":0,"9":2,"10":2,"11":2,"12":2,"13":1,"14":1,"15":0,"16":2,"17":10,"18":10,"19":10,"20":1,"21":9,"22":8,"23":1,"24":2,"25":2,"26":2,"27":2,"28":1,"29":1,"30":1,"31":0,"32":2,"33":1,"34":1,"35":1,"36":0,"37":2,"38":3,"39":3,"40":3,"41":1,"42":2,"43":1,"44":1,"45":1,"46":0,"47":2},"f":{"0":1,"1":2,"2":10,"3":2,"4":1,"5":3},"b":{"0":[1,1],"1":[1,9],"2":[10,9,9],"3":[1,1],"4":[2,1,1],"5":[1,2],"6":[1,1],"7":[2,1]},"_coverageSchema":"1a1c01bbd47fc00a2c39e90264f33305004495a9","hash":"ac823e02c805c2937bc756f4b9bdf19fd9f5cd28"}
,"/home/claude/http-lab/http-lab/src/store/itemsDb.js": {"path":"/home/claude/http-lab/http-lab/src/store/itemsDb.js","statementMap":{"0":{"start":{"line":1,"column":0},"end":{"line":1,"column":42}},"1":{"start":{"line":5,"column":28},"end":{"line":5,"column":51}},"2":{"start":{"line":7,"column":15},"end":{"line":7,"column":32}},"3":{"start":{"line":9,"column":16},"end":{"line":85,"column":1}},"4":{"start":{"line":12,"column":4},"end":{"line":15,"column":7}},"5":{"start":{"line":20,"column":4},"end":{"line":23,"column":7}},"6":{"start":{"line":35,"column":4},"end":{"line":48,"column":7}},"7":{"start":{"line":53,"column":4},"end":{"line":62,"column":7}},"8":{"start":{"line":67,"column":4},"end":{"line":76,"column":7}},"9":{"start":{"line":81,"column":4},"end":{"line":83,"column":7}},"10":{"start":{"line":87,"column":0},"end":{"line":87,"column":25}}},"fnMap":{"0":{"name":"(anonymous_0)","decl":{"start":{"line":11,"column":11},"end":{"line":11,"column":12}},"loc":{"start":{"line":11,"column":23},"end":{"line":16,"column":3}},"line":11},"1":{"name":"(anonymous_1)","decl":{"start":{"line":19,"column":12},"end":{"line":19,"column":13}},"loc":{"start":{"line":19,"column":26},"end":{"line":24,"column":3}},"line":19},"2":{"name":"(anonymous_2)","decl":{"start":{"line":27,"column":10},"end":{"line":27,"column":11}},"loc":{"start":{"line":27,"column":26},"end":{"line":49,"column":3}},"line":27},"3":{"name":"(anonymous_3)","decl":{"start":{"line":52,"column":10},"end":{"line":52,"column":11}},"loc":{"start":{"line":52,"column":30},"end":{"line":63,"column":3}},"line":52},"4":{"name":"(anonymous_4)","decl":{"start":{"line":66,"column":11},"end":{"line":66,"column":12}},"loc":{"start":{"line":66,"column":31},"end":{"line":77,"column":3}},"line":66},"5":{"name":"(anonymous_5)","decl":{"start":{"line":80,"column":10},"end":{"line":80,"column":11}},"loc":{"start":{"line":80,"column":24},"end":{"line":84,"column":3}},"line":80}},"branchMap":{"0":{"loc":{"start":{"line":39,"column":21},"end":{"line":39,"column":45}},"type":"binary-expr","locations":[{"start":{"line":39,"column":21},"end":{"line":39,"column":37}},{"start":{"line":39,"column":41},"end":{"line":39,"column":45}}],"line":39},"1":{"loc":{"start":{"line":45,"column":12},"end":{"line":45,"column":79}},"type":"binary-expr","locations":[{"start":{"line":45,"column":12},"end":{"line":45,"column":23}},{"start":{"line":45,"column":27},"end":{"line":45,"column":79}}],"line":45},"2":{"loc":{"start":{"line":56,"column":12},"end":{"line":56,"column":44}},"type":"binary-expr","locations":[{"start":{"line":56,"column":12},"end":{"line":56,"column":21}},{"start":{"line":56,"column":25},"end":{"line":56,"column":44}}],"line":56},"3":{"loc":{"start":{"line":57,"column":12},"end":{"line":57,"column":61}},"type":"binary-expr","locations":[{"start":{"line":57,"column":12},"end":{"line":57,"column":36}},{"start":{"line":57,"column":40},"end":{"line":57,"column":61}}],"line":57},"4":{"loc":{"start":{"line":58,"column":12},"end":{"line":58,"column":79}},"type":"binary-expr","locations":[{"start":{"line":58,"column":12},"end":{"line":58,"column":42}},{"start":{"line":58,"column":46},"end":{"line":58,"column":79}}],"line":58},"5":{"loc":{"start":{"line":59,"column":12},"end":{"line":59,"column":91}},"type":"binary-expr","locations":[{"start":{"line":59,"column":12},"end":{"line":59,"column":27}},{"start":{"line":59,"column":31},"end":{"line":59,"column":91}}],"line":59},"6":{"loc":{"start":{"line":72,"column":21},"end":{"line":72,"column":45}},"type":"binary-expr","locations":[{"start":{"line":72,"column":21},"end":{"line":72,"column":37}},{"start":{"line":72,"column":41},"end":{"line":72,"column":45}}],"line":72}},"s":{"0":2,"1":2,"2":2,"3":2,"4":1,"5":5,"6":9,"7":1,"8":1,"9":1,"10":2},"f":{"0":1,"1":5,"2":9,"3":1,"4":1,"5":1},"b":{"0":[9,9],"1":[9,9],"2":[1,0],"3":[1,1],"4":[1,0],"5":[1,0],"6":[1,0]},"_coverageSchema":"1a1c01bbd47fc00a2c39e90264f33305004495a9","hash":"f551356d1de09cbbacf3db8bb6ab1eedf61d8498"}
,"/home/claude/http-lab/http-lab/src/utils/passwordService.js": {"path":"/home/claude/http-lab/http-lab/src/utils/passwordService.js","statementMap":{"0":{"start":{"line":12,"column":15},"end":{"line":12,"column":32}},"1":{"start":{"line":14,"column":20},"end":{"line":14,"column":22}},"2":{"start":{"line":17,"column":2},"end":{"line":17,"column":53}},"3":{"start":{"line":21,"column":2},"end":{"line":21,"column":59}},"4":{"start":{"line":24,"column":0},"end":{"line":24,"column":64}}},"fnMap":{"0":{"name":"hashPassword","decl":{"start":{"line":16,"column":15},"end":{"line":16,"column":27}},"loc":{"start":{"line":16,"column":47},"end":{"line":18,"column":1}},"line":16},"1":{"name":"comparePassword","decl":{"start":{"line":20,"column":15},"end":{"line":20,"column":30}},"loc":{"start":{"line":20,"column":66},"end":{"line":22,"column":1}},"line":20}},"branchMap":{},"s":{"0":3,"1":3,"2":27,"3":20,"4":3},"f":{"0":27,"1":20},"b":{},"_coverageSchema":"1a1c01bbd47fc00a2c39e90264f33305004495a9","hash":"360a6342089261bf1e754a74888ad82f62978c59"}
,"/home/claude/http-lab/http-lab/src/utils/tokenService.js": {"path":"/home/claude/http-lab/http-lab/src/utils/tokenService.js","statementMap":{"0":{"start":{"line":15,"column":12},"end":{"line":15,"column":35}},"1":{"start":{"line":17,"column":28},"end":{"line":17,"column":33}},"2":{"start":{"line":18,"column":29},"end":{"line":18,"column":33}},"3":{"start":{"line":21,"column":2},"end":{"line":25,"column":4}},"4":{"start":{"line":29,"column":2},"end":{"line":33,"column":4}},"5":{"start":{"line":39,"column":2},"end":{"line":39,"column":35}},"6":{"start":{"line":43,"column":2},"end":{"line":43,"column":35}},"7":{"start":{"line":46,"column":0},"end":{"line":53,"column":2}}},"fnMap":{"0":{"name":"generateAccessToken","decl":{"start":{"line":20,"column":9},"end":{"line":20,"column":28}},"loc":{"start":{"line":20,"column":78},"end":{"line":26,"column":1}},"line":20},"1":{"name":"generateRefreshToken","decl":{"start":{"line":28,"column":9},"end":{"line":28,"column":29}},"loc":{"start":{"line":28,"column":80},"end":{"line":34,"column":1}},"line":28},"2":{"name":"verifyAccessToken","decl":{"start":{"line":36,"column":9},"end":{"line":36,"column":26}},"loc":{"start":{"line":36,"column":74},"end":{"line":40,"column":1}},"line":36},"3":{"name":"verifyRefreshToken","decl":{"start":{"line":42,"column":9},"end":{"line":42,"column":27}},"loc":{"start":{"line":42,"column":76},"end":{"line":44,"column":1}},"line":42}},"branchMap":{"0":{"loc":{"start":{"line":20,"column":38},"end":{"line":20,"column":76}},"type":"default-arg","locations":[{"start":{"line":20,"column":47},"end":{"line":20,"column":76}}],"line":20},"1":{"loc":{"start":{"line":28,"column":39},"end":{"line":28,"column":78}},"type":"default-arg","locations":[{"start":{"line":28,"column":48},"end":{"line":28,"column":78}}],"line":28},"2":{"loc":{"start":{"line":36,"column":34},"end":{"line":36,"column":72}},"type":"default-arg","locations":[{"start":{"line":36,"column":43},"end":{"line":36,"column":72}}],"line":36},"3":{"loc":{"start":{"line":42,"column":35},"end":{"line":42,"column":74}},"type":"default-arg","locations":[{"start":{"line":42,"column":44},"end":{"line":42,"column":74}}],"line":42}},"s":{"0":4,"1":4,"2":4,"3":22,"4":20,"5":27,"6":1,"7":4},"f":{"0":22,"1":20,"2":27,"3":1},"b":{"0":[22],"1":[20],"2":[27],"3":[1]},"_coverageSchema":"1a1c01bbd47fc00a2c39e90264f33305004495a9","hash":"160f279d75c62c5f413e8f5fc195df413821bc21"}
}
