TN:
SF:src\app.js
FN:49,(anonymous_0)
FN:72,(anonymous_1)
FNF:2
FNH:1
FNDA:2,(anonymous_0)
FNDA:0,(anonymous_1)
DA:2,4
DA:5,4
DA:8,4
DA:9,4
DA:12,4
DA:13,4
DA:17,4
DA:18,4
DA:30,4
DA:34,4
DA:38,4
DA:41,4
DA:42,4
DA:49,4
DA:50,2
DA:51,2
DA:53,2
DA:54,2
DA:55,2
DA:57,1
DA:58,1
DA:61,2
DA:72,4
DA:73,0
DA:82,4
DA:84,4
LF:26
LH:25
BRDA:62,0,0,1
BRDA:62,0,1,1
BRF:2
BRH:2
end_of_record
TN:
SF:src\db\prisma.js
FN:23,createPrismaClient
FN:30,getPrismaClient
FNF:2
FNH:2
FNDA:3,createPrismaClient
FNDA:32,getPrismaClient
DA:17,3
DA:18,3
DA:19,3
DA:21,3
DA:24,3
DA:25,3
DA:26,3
DA:27,3
DA:31,32
DA:32,3
DA:34,32
DA:37,3
LF:12
LH:12
BRDA:31,0,0,3
BRDA:31,0,1,29
BRF:2
BRH:2
end_of_record
TN:
SF:src\middleware\authMiddleware.js
FN:4,(anonymous_0)
FN:26,(anonymous_1)
FN:27,(anonymous_2)
FNF:3
FNH:3
FNDA:25,(anonymous_0)
FNDA:20,(anonymous_1)
FNDA:21,(anonymous_2)
DA:1,5
DA:4,5
DA:6,25
DA:7,25
DA:9,25
DA:10,2
DA:13,23
DA:17,23
DA:18,21
DA:19,21
DA:21,2
DA:26,5
DA:27,20
DA:29,21
DA:32,21
DA:33,19
DA:35,2
DA:40,5
LF:18
LH:18
BRDA:7,0,0,25
BRDA:7,0,1,23
BRDA:9,1,0,2
BRDA:9,1,1,23
BRDA:29,2,0,6
BRDA:29,2,1,15
BRDA:32,3,0,19
BRDA:32,3,1,2
BRDA:32,4,0,21
BRDA:32,4,1,19
BRF:10
BRH:10
end_of_record
TN:
SF:src\middleware\errorHandler.js
FN:4,(anonymous_0)
FNF:1
FNH:1
FNDA:1,(anonymous_0)
DA:4,4
DA:6,1
DA:10,1
DA:13,1
DA:16,1
DA:25,4
LF:6
LH:6
BRDA:10,0,0,1
BRDA:10,0,1,1
BRDA:13,1,0,1
BRDA:13,1,1,0
BRF:4
BRH:3
end_of_record
TN:
SF:src\middleware\requestLogger.js
FN:2,(anonymous_0)
FN:7,(anonymous_1)
FNF:2
FNH:2
FNDA:46,(anonymous_0)
FNDA:46,(anonymous_1)
DA:2,4
DA:4,46
DA:7,46
DA:9,46
DA:12,46
DA:15,46
DA:21,46
DA:25,4
LF:8
LH:8
BRDA:12,0,0,46
BRDA:12,0,1,1
BRF:2
BRH:2
end_of_record
TN:
SF:src\routes\auth.js
FN:18,(anonymous_0)
FN:22,(anonymous_1)
FN:56,(anonymous_2)
FNF:3
FNH:3
FNDA:19,(anonymous_0)
FNDA:3,(anonymous_1)
FNDA:19,(anonymous_2)
DA:1,4
DA:2,4
DA:3,4
DA:5,4
DA:6,4
DA:7,4
DA:9,4
DA:11,4
DA:18,19
DA:22,4
DA:23,3
DA:24,3
DA:26,3
DA:27,0
DA:31,3
DA:33,3
DA:42,2
DA:48,1
DA:49,1
DA:51,0
DA:56,4
DA:57,19
DA:58,19
DA:61,19
DA:62,19
DA:63,1
DA:67,18
DA:68,18
DA:69,1
DA:74,17
DA:75,17
DA:78,17
DA:83,17
DA:89,0
DA:93,4
LF:35
LH:32
BRDA:26,0,0,0
BRDA:26,0,1,3
BRDA:26,1,0,3
BRDA:26,1,1,3
BRDA:26,1,2,3
BRDA:38,2,0,3
BRDA:38,2,1,3
BRDA:48,3,0,1
BRDA:48,3,1,0
BRDA:62,4,0,1
BRDA:62,4,1,18
BRDA:68,5,0,1
BRDA:68,5,1,17
BRF:13
BRH:11
end_of_record
TN:
SF:src\routes\items.js
FN:11,(anonymous_0)
FN:23,(anonymous_1)
FN:36,(anonymous_2)
FN:60,(anonymous_3)
FN:76,(anonymous_4)
FN:86,(anonymous_5)
FNF:6
FNH:6
FNDA:1,(anonymous_0)
FNDA:2,(anonymous_1)
FNDA:10,(anonymous_2)
FNDA:2,(anonymous_3)
FNDA:1,(anonymous_4)
FNDA:3,(anonymous_5)
DA:1,4
DA:2,4
DA:4,4
DA:7,4
DA:11,4
DA:12,1
DA:14,1
DA:15,1
DA:18,0
DA:23,4
DA:24,2
DA:25,2
DA:26,2
DA:27,1
DA:29,1
DA:31,0
DA:36,4
DA:37,10
DA:39,10
DA:41,10
DA:42,1
DA:46,9
DA:53,8
DA:55,1
DA:60,4
DA:61,2
DA:62,2
DA:64,2
DA:65,1
DA:68,1
DA:69,1
DA:71,0
DA:76,4
DA:77,1
DA:78,1
DA:79,1
DA:81,0
DA:86,4
DA:87,3
DA:88,3
DA:89,3
DA:90,1
DA:95,2
DA:96,1
DA:99,1
DA:100,1
DA:102,0
DA:106,4
LF:48
LH:43
BRDA:26,0,0,1
BRDA:26,0,1,1
BRDA:41,1,0,1
BRDA:41,1,1,9
BRDA:41,2,0,10
BRDA:41,2,1,9
BRDA:41,2,2,9
BRDA:64,3,0,1
BRDA:64,3,1,1
BRDA:64,4,0,2
BRDA:64,4,1,1
BRDA:64,4,2,1
BRDA:89,5,0,1
BRDA:89,5,1,2
BRDA:95,6,0,1
BRDA:95,6,1,1
BRDA:95,7,0,2
BRDA:95,7,1,1
BRF:18
BRH:18
end_of_record
TN:
SF:src\store\itemsDb.js
FN:11,(anonymous_0)
FN:19,(anonymous_1)
FN:27,(anonymous_2)
FN:52,(anonymous_3)
FN:66,(anonymous_4)
FN:80,(anonymous_5)
FNF:6
FNH:6
FNDA:1,(anonymous_0)
FNDA:5,(anonymous_1)
FNDA:9,(anonymous_2)
FNDA:1,(anonymous_3)
FNDA:1,(anonymous_4)
FNDA:1,(anonymous_5)
DA:1,4
DA:5,4
DA:7,4
DA:9,4
DA:12,1
DA:20,5
DA:35,9
DA:53,1
DA:67,1
DA:81,1
DA:87,4
LF:11
LH:11
BRDA:39,0,0,9
BRDA:39,0,1,9
BRDA:45,1,0,9
BRDA:45,1,1,9
BRDA:56,2,0,1
BRDA:56,2,1,0
BRDA:57,3,0,1
BRDA:57,3,1,1
BRDA:58,4,0,1
BRDA:58,4,1,0
BRDA:59,5,0,1
BRDA:59,5,1,0
BRDA:72,6,0,1
BRDA:72,6,1,0
BRF:14
BRH:10
end_of_record
TN:
SF:src\utils\passwordService.js
FN:16,hashPassword
FN:20,comparePassword
FNF:2
FNH:2
FNDA:27,hashPassword
FNDA:20,comparePassword
DA:12,5
DA:14,5
DA:17,27
DA:21,20
DA:24,5
LF:5
LH:5
BRF:0
BRH:0
end_of_record
TN:
SF:src\utils\tokenService.js
FN:20,generateAccessToken
FN:28,generateRefreshToken
FN:36,verifyAccessToken
FN:42,verifyRefreshToken
FNF:4
FNH:4
FNDA:22,generateAccessToken
FNDA:20,generateRefreshToken
FNDA:27,verifyAccessToken
FNDA:1,verifyRefreshToken
DA:15,6
DA:17,6
DA:18,6
DA:21,22
DA:29,20
DA:39,27
DA:43,1
DA:46,6
LF:8
LH:8
BRDA:20,0,0,22
BRDA:28,1,0,20
BRDA:36,2,0,27
BRDA:42,3,0,1
BRF:4
BRH:4
end_of_record
