TN:
SF:src\app.js
FN:59,(anonymous_0)
FN:83,(anonymous_1)
FN:90,(anonymous_2)
FNF:3
FNH:2
FNDA:5,(anonymous_0)
FNDA:4,(anonymous_1)
FNDA:0,(anonymous_2)
DA:2,5
DA:5,5
DA:8,5
DA:9,5
DA:10,5
DA:13,5
DA:14,5
DA:18,5
DA:19,5
DA:22,5
DA:34,5
DA:38,5
DA:44,5
DA:48,5
DA:51,5
DA:52,5
DA:59,5
DA:60,5
DA:61,5
DA:63,5
DA:64,5
DA:65,5
DA:67,1
DA:68,1
DA:71,5
DA:83,5
DA:84,4
DA:85,4
DA:90,5
DA:91,0
DA:100,5
DA:102,5
LF:32
LH:31
BRDA:72,0,0,4
BRDA:72,0,1,1
BRF:2
BRH:2
end_of_record
TN:
SF:src\db\prisma.js
FN:30,createPrismaClient
FN:37,getPrismaClient
FN:47,getPool
FNF:3
FNH:3
FNDA:4,createPrismaClient
FNDA:38,getPrismaClient
FNDA:4,getPool
DA:17,4
DA:18,4
DA:19,4
DA:21,4
DA:28,4
DA:31,4
DA:32,4
DA:33,4
DA:34,4
DA:38,38
DA:39,4
DA:41,38
DA:48,4
DA:51,4
LF:14
LH:14
BRDA:38,0,0,4
BRDA:38,0,1,34
BRF:2
BRH:2
end_of_record
TN:
SF:src\metrics\metrics.js
FN:61,(anonymous_0)
FN:73,metricsMiddleware
FN:84,(anonymous_2)
FNF:3
FNH:3
FNDA:4,(anonymous_0)
FNDA:54,metricsMiddleware
FNDA:49,(anonymous_2)
DA:8,5
DA:13,5
DA:20,5
DA:21,0
DA:28,5
DA:41,5
DA:57,5
DA:66,4
DA:67,4
DA:76,54
DA:77,5
DA:82,49
DA:84,49
DA:94,49
DA:96,49
DA:102,49
DA:103,49
DA:106,49
DA:109,5
LF:19
LH:18
BRDA:20,0,0,0
BRDA:20,0,1,5
BRDA:67,1,0,4
BRDA:67,1,1,0
BRDA:76,2,0,5
BRDA:76,2,1,49
BRDA:94,3,0,49
BRDA:94,3,1,0
BRF:8
BRH:5
end_of_record
TN:
SF:src\middleware\authMiddleware.js
FN:4,(anonymous_0)
FN:26,(anonymous_1)
FN:27,(anonymous_2)
FNF:3
FNH:3
FNDA:25,(anonymous_0)
FNDA:24,(anonymous_1)
FNDA:21,(anonymous_2)
DA:1,6
DA:4,6
DA:6,25
DA:7,25
DA:9,25
DA:10,2
DA:13,23
DA:17,23
DA:18,21
DA:19,21
DA:21,2
DA:26,6
DA:27,24
DA:29,21
DA:32,21
DA:33,19
DA:35,2
DA:40,6
LF:18
LH:18
BRDA:7,0,0,25
BRDA:7,0,1,23
BRDA:9,1,0,2
BRDA:9,1,1,23
BRDA:29,2,0,6
BRDA:29,2,1,15
BRDA:32,3,0,19
BRDA:32,3,1,2
BRDA:32,4,0,21
BRDA:32,4,1,19
BRF:10
BRH:10
end_of_record
TN:
SF:src\middleware\errorHandler.js
FN:7,(anonymous_0)
FNF:1
FNH:1
FNDA:1,(anonymous_0)
DA:1,5
DA:7,5
DA:13,1
DA:15,1
DA:21,1
DA:35,1
DA:36,1
DA:43,5
LF:8
LH:8
BRDA:13,0,0,1
BRDA:13,0,1,0
BRDA:15,1,0,1
BRDA:15,1,1,1
BRDA:35,2,0,1
BRDA:35,2,1,0
BRF:6
BRH:4
end_of_record
TN:
SF:src\middleware\metricsAccessGuard.js
FN:14,normalizeIp
FN:20,isPrivateOrLoopback
FN:30,(anonymous_2)
FN:55,(anonymous_3)
FNF:4
FNH:4
FNDA:20,normalizeIp
FNDA:10,isPrivateOrLoopback
FNDA:15,(anonymous_2)
FNDA:11,(anonymous_3)
DA:11,6
DA:15,20
DA:21,10
DA:22,10
DA:23,5
DA:25,3
DA:26,3
DA:27,2
DA:30,6
DA:31,15
DA:36,15
DA:37,5
DA:38,5
DA:39,5
DA:40,2
DA:41,2
DA:43,3
DA:53,10
DA:55,11
DA:58,10
DA:59,10
DA:61,10
DA:62,1
DA:63,1
DA:66,9
DA:69,6
LF:26
LH:26
BRDA:15,0,0,20
BRDA:15,0,1,0
BRDA:22,1,0,5
BRDA:22,1,1,5
BRDA:22,2,0,10
BRDA:22,2,1,5
BRDA:23,3,0,2
BRDA:23,3,1,3
BRDA:23,4,0,5
BRDA:23,4,1,4
BRDA:26,5,0,1
BRDA:26,5,1,2
BRDA:26,6,0,3
BRDA:26,6,1,1
BRDA:26,6,2,1
BRDA:36,7,0,5
BRDA:36,7,1,10
BRDA:37,8,0,5
BRDA:37,8,1,2
BRDA:38,9,0,5
BRDA:38,9,1,2
BRDA:39,10,0,2
BRDA:39,10,1,3
BRDA:40,11,0,2
BRDA:40,11,1,1
BRDA:53,12,0,10
BRDA:53,12,1,9
BRDA:58,13,0,10
BRDA:58,13,1,0
BRDA:59,14,0,10
BRDA:59,14,1,2
BRDA:61,15,0,1
BRDA:61,15,1,9
BRDA:62,16,0,1
BRDA:62,16,1,1
BRF:35
BRH:33
end_of_record
TN:
SF:src\middleware\requestLogger.js
FN:15,(anonymous_0)
FN:41,(anonymous_1)
FNF:2
FNH:2
FNDA:54,(anonymous_0)
FNDA:54,(anonymous_1)
DA:1,5
DA:2,5
DA:15,5
DA:17,54
DA:25,54
DA:26,54
DA:30,54
DA:36,54
DA:41,54
DA:42,54
DA:43,54
DA:50,54
DA:52,54
DA:64,54
DA:67,5
LF:15
LH:15
BRDA:25,0,0,54
BRDA:25,0,1,53
BRDA:43,1,0,54
BRDA:43,1,1,5
BRDA:50,2,0,2
BRDA:50,2,1,52
BRDA:50,3,0,12
BRDA:50,3,1,40
BRF:8
BRH:8
end_of_record
TN:
SF:src\routes\auth.js
FN:18,(anonymous_0)
FN:22,(anonymous_1)
FN:56,(anonymous_2)
FNF:3
FNH:3
FNDA:19,(anonymous_0)
FNDA:3,(anonymous_1)
FNDA:19,(anonymous_2)
DA:1,5
DA:2,5
DA:3,5
DA:5,5
DA:6,5
DA:7,5
DA:9,5
DA:11,5
DA:18,19
DA:22,5
DA:23,3
DA:24,3
DA:26,3
DA:27,0
DA:31,3
DA:33,3
DA:42,2
DA:48,1
DA:49,1
DA:51,0
DA:56,5
DA:57,19
DA:58,19
DA:61,19
DA:62,19
DA:63,1
DA:67,18
DA:68,18
DA:69,1
DA:74,17
DA:75,17
DA:78,17
DA:83,17
DA:89,0
DA:93,5
LF:35
LH:32
BRDA:26,0,0,0
BRDA:26,0,1,3
BRDA:26,1,0,3
BRDA:26,1,1,3
BRDA:26,1,2,3
BRDA:38,2,0,3
BRDA:38,2,1,3
BRDA:48,3,0,1
BRDA:48,3,1,0
BRDA:62,4,0,1
BRDA:62,4,1,18
BRDA:68,5,0,1
BRDA:68,5,1,17
BRF:13
BRH:11
end_of_record
TN:
SF:src\routes\items.js
FN:11,(anonymous_0)
FN:23,(anonymous_1)
FN:36,(anonymous_2)
FN:60,(anonymous_3)
FN:76,(anonymous_4)
FN:86,(anonymous_5)
FNF:6
FNH:6
FNDA:1,(anonymous_0)
FNDA:2,(anonymous_1)
FNDA:10,(anonymous_2)
FNDA:2,(anonymous_3)
FNDA:1,(anonymous_4)
FNDA:3,(anonymous_5)
DA:1,5
DA:2,5
DA:4,5
DA:7,5
DA:11,5
DA:12,1
DA:14,1
DA:15,1
DA:18,0
DA:23,5
DA:24,2
DA:25,2
DA:26,2
DA:27,1
DA:29,1
DA:31,0
DA:36,5
DA:37,10
DA:39,10
DA:41,10
DA:42,1
DA:46,9
DA:53,8
DA:55,1
DA:60,5
DA:61,2
DA:62,2
DA:64,2
DA:65,1
DA:68,1
DA:69,1
DA:71,0
DA:76,5
DA:77,1
DA:78,1
DA:79,1
DA:81,0
DA:86,5
DA:87,3
DA:88,3
DA:89,3
DA:90,1
DA:95,2
DA:96,1
DA:99,1
DA:100,1
DA:102,0
DA:106,5
LF:48
LH:43
BRDA:26,0,0,1
BRDA:26,0,1,1
BRDA:41,1,0,1
BRDA:41,1,1,9
BRDA:41,2,0,10
BRDA:41,2,1,9
BRDA:41,2,2,9
BRDA:64,3,0,1
BRDA:64,3,1,1
BRDA:64,4,0,2
BRDA:64,4,1,1
BRDA:64,4,2,1
BRDA:89,5,0,1
BRDA:89,5,1,2
BRDA:95,6,0,1
BRDA:95,6,1,1
BRDA:95,7,0,2
BRDA:95,7,1,1
BRF:18
BRH:18
end_of_record
TN:
SF:src\store\itemsDb.js
FN:11,(anonymous_0)
FN:19,(anonymous_1)
FN:27,(anonymous_2)
FN:52,(anonymous_3)
FN:66,(anonymous_4)
FN:80,(anonymous_5)
FNF:6
FNH:6
FNDA:1,(anonymous_0)
FNDA:5,(anonymous_1)
FNDA:9,(anonymous_2)
FNDA:1,(anonymous_3)
FNDA:1,(anonymous_4)
FNDA:1,(anonymous_5)
DA:1,5
DA:5,5
DA:7,5
DA:9,5
DA:12,1
DA:20,5
DA:35,9
DA:53,1
DA:67,1
DA:81,1
DA:87,5
LF:11
LH:11
BRDA:39,0,0,9
BRDA:39,0,1,9
BRDA:45,1,0,9
BRDA:45,1,1,9
BRDA:56,2,0,1
BRDA:56,2,1,0
BRDA:57,3,0,1
BRDA:57,3,1,1
BRDA:58,4,0,1
BRDA:58,4,1,0
BRDA:59,5,0,1
BRDA:59,5,1,0
BRDA:72,6,0,1
BRDA:72,6,1,0
BRF:14
BRH:10
end_of_record
TN:
SF:src\utils\logger.js
FNF:0
FNH:0
DA:17,6
DA:19,6
DA:20,6
DA:28,6
DA:40,6
DA:59,6
LF:6
LH:6
BRDA:28,0,0,6
BRDA:28,0,1,6
BRDA:28,1,0,6
BRDA:28,1,1,0
BRDA:28,2,0,0
BRDA:28,2,1,0
BRDA:44,3,0,6
BRDA:44,3,1,0
BRDA:44,4,0,6
BRDA:44,4,1,6
BRDA:56,5,0,0
BRDA:56,5,1,6
BRF:12
BRH:7
end_of_record
TN:
SF:src\utils\passwordService.js
FN:16,hashPassword
FN:20,comparePassword
FNF:2
FNH:2
FNDA:27,hashPassword
FNDA:20,comparePassword
DA:12,6
DA:14,6
DA:17,27
DA:21,20
DA:24,6
LF:5
LH:5
BRF:0
BRH:0
end_of_record
TN:
SF:src\utils\tokenService.js
FN:20,generateAccessToken
FN:28,generateRefreshToken
FN:36,verifyAccessToken
FN:42,verifyRefreshToken
FNF:4
FNH:4
FNDA:22,generateAccessToken
FNDA:20,generateRefreshToken
FNDA:27,verifyAccessToken
FNDA:1,verifyRefreshToken
DA:15,7
DA:17,7
DA:18,7
DA:21,22
DA:29,20
DA:39,27
DA:43,1
DA:46,7
LF:8
LH:8
BRDA:20,0,0,22
BRDA:28,1,0,20
BRDA:36,2,0,27
BRDA:42,3,0,1
BRF:4
BRH:4
end_of_record
